<?xml version="1.0" encoding="UTF-8"?>
<!-- Generated by org.testng.reporters.JUnitReportReporter -->
<testsuite hostname="Janki_Patel" failures="0" tests="5" name="com.sisense.about.AboutTest" time="130.017" errors="0" timestamp="2026-03-13T10:03:38 IST" skipped="0">
  <testcase classname="com.sisense.about.AboutTest" name="verifyBookaliveDemoPageTitleUnderFooterSection" time="24.739">
    <system-out>
      <![CDATA[Open Browser</br>
Click on Accept Cookie button.</br>
Click on the About tab.</br>
Scroll to Footer section.</br>
Click on Book a Live Demo button under Footer successfully.</br>
Sisense Demo page title matched successfully.</br>
<Strong><b>Sisense Testing is passed.</b></font></strong></br>]]>
    </system-out>
  </testcase> <!-- verifyBookaliveDemoPageTitleUnderFooterSection -->
  <testcase classname="com.sisense.about.AboutTest" name="verifyHomeBreadcrumbTitleUnderAboutPage" time="30.501">
    <system-out>
      <![CDATA[Open Browser</br>
Click on Accept Cookie button.</br>
Click on the About tab.</br>
Click on Home breadcrumb.</br>
Sisense Home Page title matched successfully.</br>
<Strong><b>Sisense Testing is passed.</b></font></strong></br>]]>
    </system-out>
  </testcase> <!-- verifyHomeBreadcrumbTitleUnderAboutPage -->
  <testcase classname="com.sisense.about.AboutTest" name="verifyDemoPageTitleUnderHeaderSection" time="23.996">
    <system-out>
      <![CDATA[Open Browser</br>
Click on Accept Cookie button.</br>
Click on the About tab.</br>
Click on the Demo button.</br>
Page title: Request a Demo - See Sisense Transform Your Data Analytics</br>
Url : https://www.sisense.com/demo/</br>
Sisense Demo page title matched successfully.</br>
<Strong><b>Sisense Testing is passed.</b></font></strong></br>]]>
    </system-out>
  </testcase> <!-- verifyDemoPageTitleUnderHeaderSection -->
  <testcase classname="com.sisense.about.AboutTest" name="verifyAboutOurInvestorsPageTitleUnderOurInvestorsSection" time="24.815">
    <system-out>
      <![CDATA[Open Browser</br>
Click on Accept Cookie button.</br>
Click on the About tab.</br>
Click on About Our Investors link under Our Investors section successfully.</br>
Sisense About Our Investors page title matched successfully.</br>
<Strong><b>Sisense Testing is passed.</b></font></strong></br>]]>
    </system-out>
  </testcase> <!-- verifyAboutOurInvestorsPageTitleUnderOurInvestorsSection -->
  <testcase classname="com.sisense.about.AboutTest" name="verifyExploreCareersAtSisensePageTitleUnderOurCultureAndCareersSection" time="25.966">
    <system-out>
      <![CDATA[Open Browser</br>
Click on Accept Cookie button.</br>
Click on the About tab.</br>
Click on Explore Careers at Sisense button under Our Culture and Careers section successfully.</br>
Careers Page Title matched successfully.</br>
<Strong><b>Sisense Testing is passed.</b></font></strong></br>]]>
    </system-out>
  </testcase> <!-- verifyExploreCareersAtSisensePageTitleUnderOurCultureAndCareersSection -->
  <system-out>
    <![CDATA[Open Browser</br>
Click on Accept Cookie button.</br>
Click on the About tab.</br>
Click on Home breadcrumb.</br>
Sisense Home Page title matched successfully.</br>
<Strong><b>Sisense Testing is passed.</b></font></strong></br>
Open Browser</br>
Click on Accept Cookie button.</br>
Click on the About tab.</br>
Click on Explore Careers at Sisense button under Our Culture and Careers section successfully.</br>
Careers Page Title matched successfully.</br>
<Strong><b>Sisense Testing is passed.</b></font></strong></br>
Open Browser</br>
Click on Accept Cookie button.</br>
Click on the About tab.</br>
Click on About Our Investors link under Our Investors section successfully.</br>
Sisense About Our Investors page title matched successfully.</br>
<Strong><b>Sisense Testing is passed.</b></font></strong></br>
Open Browser</br>
Click on Accept Cookie button.</br>
Click on the About tab.</br>
Click on the Demo button.</br>
Page title: Request a Demo - See Sisense Transform Your Data Analytics</br>
Url : https://www.sisense.com/demo/</br>
Sisense Demo page title matched successfully.</br>
<Strong><b>Sisense Testing is passed.</b></font></strong></br>
Open Browser</br>
Click on Accept Cookie button.</br>
Click on the About tab.</br>
Scroll to Footer section.</br>
Click on Book a Live Demo button under Footer successfully.</br>
Sisense Demo page title matched successfully.</br>
<Strong><b>Sisense Testing is passed.</b></font></strong></br>
Open Browser</br>
Click on Accept Cookie button.</br>
Mouse hovered on About tab.</br>
Click on Company Menu under About tab successfully.</br>
Sisense About page title matched successfully.</br>
<Strong><b>Sisense Testing is passed.</b></font></strong></br>
Open Browser</br>
Click on Accept Cookie button.</br>
Mouse hovered on About tab.</br>
Click on Company Menu under About tab successfully.</br>
Click on Home breadcrumb.</br>
Sisense Home Page title matched successfully.</br>
<Strong><b>Sisense Testing is passed.</b></font></strong></br>
Open Browser</br>
Click on Accept Cookie button.</br>
Mouse hovered on About tab.</br>
Click on Company Menu under About tab successfully.</br>
Click on Explore Careers at Sisense button under Our Culture and Careers section successfully.</br>
Careers Page Title matched successfully.</br>
<Strong><b>Sisense Testing is passed.</b></font></strong></br>
Open Browser</br>
Click on Accept Cookie button.</br>
Mouse hovered on About tab.</br>
Click on Company Menu under About tab successfully.</br>
Click on About Our Investors link under Our Investors section successfully.</br>
Sisense About Our Investors page title matched successfully.</br>
<Strong><b>Sisense Testing is passed.</b></font></strong></br>
Open Browser</br>
Click on Accept Cookie button.</br>
Mouse hovered on About tab.</br>
Click on Company Menu under About tab successfully.</br>
Click on the Demo button.</br>
Page title: Request a Demo - See Sisense Transform Your Data Analytics</br>
Url : https://www.sisense.com/demo/</br>
Sisense Demo page title matched successfully.</br>
<Strong><b>Sisense Testing is passed.</b></font></strong></br>
Open Browser</br>
Click on Accept Cookie button.</br>
Mouse hovered on About tab.</br>
Click on Company Menu under About tab successfully.</br>
Scroll to Footer section.</br>
Click on Book a Live Demo button under Footer successfully.</br>
Sisense Demo page title matched successfully.</br>
<Strong><b>Sisense Testing is passed.</b></font></strong></br>
Open Browser</br>
Click on Accept Cookie button.</br>
Mouse hovered on About tab.</br>
Click on the Partners menu under the About tab successfully.</br>
Sisense Partners page title matched successfully.</br>
<Strong><b>Sisense Testing is passed.</b></font></strong></br>
Open Browser</br>
Click on Accept Cookie button.</br>
Mouse hovered on About tab.</br>
Click on the Partners menu under the About tab successfully.</br>
Click on Home breadcrumb.</br>
Sisense Home Page title matched successfully.</br>
<Strong><b>Sisense Testing is passed.</b></font></strong></br>
Open Browser</br>
Click on Accept Cookie button.</br>
Mouse hovered on About tab.</br>
Click on the Partners menu under the About tab successfully.</br>
Click on the Become a Partner button under the banner section successfully.</br>
<a href='../test-output/screenshots/finalScreenshot_20260313095518827.png' target='new'><img src='../test-output/screenshots/finalScreenshot_20260313095518827.png' width='200' height='100'/></a></br>
<Strong><b>Sisense Testing is failed.</b></font></strong></br>
Open Browser</br>
Click on Accept Cookie button.</br>
Mouse hovered on About tab.</br>
Click on the Partners menu under the About tab successfully.</br>
Click on the View All Partners button under the banner.</br>
Sisense View All Partners page title matched successfully.</br>
<Strong><b>Sisense Testing is passed.</b></font></strong></br>
Open Browser</br>
Click on Accept Cookie button.</br>
Mouse hovered on About tab.</br>
Click on the Partners menu under the About tab successfully.</br>
Scroll to the Email label under the footer.</br>
Input Email ID: madhavi.sriramaneni@kiwiqa.com</br>
Input First Name : Madhavi</br>
Input Last Name : Sriramaneni</br>
Input Company Name : KiwiQA</br>
Click on Sign Up Button under Form successfully.</br>
Footer form was submitted successfully.</br>
<Strong><b>Sisense Testing is passed.</b></font></strong></br>
Open Browser</br>
Click on Accept Cookie button.</br>
Mouse hovered on About tab.</br>
Click on the Partners menu under the About tab successfully.</br>
Click on the Privacy Policy link under the form section.</br>
Privacy Policy page title matched successfully.</br>
<Strong><b>Sisense Testing is passed.</b></font></strong></br>
Open Browser</br>
Click on Accept Cookie button.</br>
Mouse hovered on About tab.</br>
Click on the Partners menu under the About tab successfully.</br>
Click on the Terms of Service link under the form section.</br>
Terms of Service page title matched successfully.</br>
<Strong><b>Sisense Testing is passed.</b></font></strong></br>
Open Browser</br>
Click on Accept Cookie button.</br>
Mouse hovered on About tab.</br>
Click on the Partners menu under the About tab successfully.</br>
Click on the Demo button.</br>
Page title: Request a Demo - See Sisense Transform Your Data Analytics</br>
Url : https://www.sisense.com/demo/</br>
Sisense Demo page title matched successfully.</br>
<Strong><b>Sisense Testing is passed.</b></font></strong></br>
Open Browser</br>
Click on Accept Cookie button.</br>
Mouse hovered on About tab.</br>
Click on the Partners menu under the About tab successfully.</br>
Scroll to Footer section.</br>
Click on Book a Live Demo button under Footer successfully.</br>
Sisense Demo page title matched successfully.</br>
<Strong><b>Sisense Testing is passed.</b></font></strong></br>
Open Browser</br>
Click on Accept Cookie button.</br>
Mouse hovered on About tab.</br>
Click on Newsroom menu successfully.</br>
Sisense Newsroom Page Title matched successfully.</br>
<Strong><b>Sisense Testing is passed.</b></font></strong></br>
Open Browser</br>
Click on Accept Cookie button.</br>
Mouse hovered on About tab.</br>
Click on Newsroom menu successfully.</br>
Click on Home breadcrumb.</br>
Sisense Home Page title matched successfully.</br>
<Strong><b>Sisense Testing is passed.</b></font></strong></br>
Open Browser</br>
Click on Accept Cookie button.</br>
Mouse hovered on About tab.</br>
Click on Newsroom menu successfully.</br>
Scroll to Email label.</br>
Input Email ID: madhavi.sriramaneni@kiwiqa.com</br>
Input First Name : Madhavi</br>
Input Last Name : Sriramaneni</br>
Input Company Name : KiwiQA</br>
Click on Sign Up Button under Form successfully.</br>
Form submitted successfully.</br>
<Strong><b>Sisense Testing is passed.</b></font></strong></br>
Open Browser</br>
Click on Accept Cookie button.</br>
Mouse hovered on About tab.</br>
Click on Newsroom menu successfully.</br>
Click on Privacy Policy link.</br>
Privacy Policy Page Title matched successfully.</br>
<Strong><b>Sisense Testing is passed.</b></font></strong></br>
Open Browser</br>
Click on Accept Cookie button.</br>
Mouse hovered on About tab.</br>
Click on Newsroom menu successfully.</br>
Click on Terms of Service link.</br>
Terms of Service Page Title matched successfully.</br>
<Strong><b>Sisense Testing is passed.</b></font></strong></br>
Open Browser</br>
Click on Accept Cookie button.</br>
Mouse hovered on About tab.</br>
Click on Newsroom menu successfully.</br>
Click on the Demo button.</br>
Page title: Request a Demo - See Sisense Transform Your Data Analytics</br>
Url : https://www.sisense.com/demo/</br>
Sisense Demo page title matched successfully.</br>
<Strong><b>Sisense Testing is passed.</b></font></strong></br>
Open Browser</br>
Click on Accept Cookie button.</br>
Mouse hovered on About tab.</br>
Click on Newsroom menu successfully.</br>
Scroll to Footer section.</br>
Click on Book a Live Demo button under Footer successfully.</br>
Sisense Demo page title matched successfully.</br>
<Strong><b>Sisense Testing is passed.</b></font></strong></br>
Open Browser</br>
Click on Accept Cookie button.</br>
Mouse hovered on About tab.</br>
Click on Newsroom menu successfully.</br>
Click on Press Releases link successfully.</br>
Sisense Newsroom Page Title matched successfully.</br>
<Strong><b>Sisense Testing is passed.</b></font></strong></br>
Open Browser</br>
Click on Accept Cookie button.</br>
Mouse hovered on About tab.</br>
Click on Newsroom menu successfully.</br>
Click on Press Releases link successfully.</br>
Click on Home breadcrumb.</br>
Sisense Home Page title matched successfully.</br>
<Strong><b>Sisense Testing is passed.</b></font></strong></br>
Open Browser</br>
Click on Accept Cookie button.</br>
Mouse hovered on About tab.</br>
Click on Newsroom menu successfully.</br>
Click on Press Releases link successfully.</br>
Scroll to Email label.</br>
Input Email ID: madhavi.sriramaneni@kiwiqa.com</br>
Input First Name : Madhavi</br>
Input Last Name : Sriramaneni</br>
Input Company Name : KiwiQA</br>
Click on Sign Up Button under Form successfully.</br>
Form submitted successfully.</br>
<Strong><b>Sisense Testing is passed.</b></font></strong></br>
Open Browser</br>
Click on Accept Cookie button.</br>
Mouse hovered on About tab.</br>
Click on Newsroom menu successfully.</br>
Click on Press Releases link successfully.</br>
Click on Privacy Policy link.</br>
Privacy Policy Page Title matched successfully.</br>
<Strong><b>Sisense Testing is passed.</b></font></strong></br>
Open Browser</br>
Click on Accept Cookie button.</br>
Mouse hovered on About tab.</br>
Click on Newsroom menu successfully.</br>
Click on Press Releases link successfully.</br>
Click on Terms of Service link.</br>
Terms of Service Page Title matched successfully.</br>
<Strong><b>Sisense Testing is passed.</b></font></strong></br>
Open Browser</br>
Click on Accept Cookie button.</br>
Mouse hovered on About tab.</br>
Click on Newsroom menu successfully.</br>
Click on Press Releases link successfully.</br>
Click on the Demo button.</br>
Page title: Request a Demo - See Sisense Transform Your Data Analytics</br>
Url : https://www.sisense.com/demo/</br>
Sisense Demo page title matched successfully.</br>
<Strong><b>Sisense Testing is passed.</b></font></strong></br>
Open Browser</br>
Click on Accept Cookie button.</br>
Mouse hovered on About tab.</br>
Click on Newsroom menu successfully.</br>
Click on Press Releases link successfully.</br>
Scroll to Footer section.</br>
Click on Book a Live Demo button under Footer successfully.</br>
Sisense Demo page title matched successfully.</br>
<Strong><b>Sisense Testing is passed.</b></font></strong></br>]]>
  </system-out>
</testsuite> <!-- com.sisense.about.AboutTest -->
