<?xml version="1.0" encoding="UTF-8"?>
<!-- Generated by org.testng.reporters.JUnitReportReporter -->
<testsuite hostname="Renil_Lakhani" failures="0" tests="9" name="com.sisense.about.PartnersTest" time="298.020" errors="0" timestamp="2026-03-03T10:05:47 IST" skipped="0">
  <testcase classname="com.sisense.about.PartnersTest" name="verifyViewAllPartnersPageTitleUnderBannerSection" time="29.843">
    <system-out>
      <![CDATA[Open Browser</br>
Click on Accept Cookie button.</br>
Mouse hovered on About tab.</br>
Click on the Partners menu under the About tab successfully.</br>
Click on the View All Partners button under the banner.</br>
Sisense View All Partners page title matched successfully.</br>
<Strong><b>Sisense Testing is passed.</b></font></strong></br>]]>
    </system-out>
  </testcase> <!-- verifyViewAllPartnersPageTitleUnderBannerSection -->
  <testcase classname="com.sisense.about.PartnersTest" name="verifyFillFormBecomeaPartnerFunctionality" time="38.566">
    <system-out>
      <![CDATA[Open Browser</br>
Click on Accept Cookie button.</br>
Mouse hovered on About tab.</br>
Click on the Partners menu under the About tab successfully.</br>
Click on the Become a Partner button under the banner section successfully.</br>
Input Email ID: madhavi.sriramaneni@kiwiqa.com</br>
Input First Name : Madhavi</br>
Input Last Name : Sriramaneni</br>
Input Phone Number : 9998886667</br>
Input Company Name : KiwiQA</br>
Input Job Title : QA</br>
Input Partner Type : Partner - Platform</br>
Input Comments : Testing</br>
Click on the Submit button under the form.</br>
The Become a Partner form was submitted successfully.</br>
<Strong><b>Sisense Testing is passed.</b></font></strong></br>]]>
    </system-out>
  </testcase> <!-- verifyFillFormBecomeaPartnerFunctionality -->
  <testcase classname="com.sisense.about.PartnersTest" name="verifyPrivacyPolicyPageTitleUnderFormSection" time="37.151">
    <system-out>
      <![CDATA[Open Browser</br>
Click on Accept Cookie button.</br>
Mouse hovered on About tab.</br>
Click on the Partners menu under the About tab successfully.</br>
Click on the Privacy Policy link under the form section.</br>
Privacy Policy page title matched successfully.</br>
<Strong><b>Sisense Testing is passed.</b></font></strong></br>]]>
    </system-out>
  </testcase> <!-- verifyPrivacyPolicyPageTitleUnderFormSection -->
  <testcase classname="com.sisense.about.PartnersTest" name="verifyPartnersPageTitleUnderAboutTab" time="27.595">
    <system-out>
      <![CDATA[Open Browser</br>
Click on Accept Cookie button.</br>
Mouse hovered on About tab.</br>
Click on the Partners menu under the About tab successfully.</br>
Sisense Partners page title matched successfully.</br>
<Strong><b>Sisense Testing is passed.</b></font></strong></br>]]>
    </system-out>
  </testcase> <!-- verifyPartnersPageTitleUnderAboutTab -->
  <testcase classname="com.sisense.about.PartnersTest" name="verifyTermsOfServicePageTitleUnderFormSection" time="31.729">
    <system-out>
      <![CDATA[Open Browser</br>
Click on Accept Cookie button.</br>
Mouse hovered on About tab.</br>
Click on the Partners menu under the About tab successfully.</br>
Click on the Terms of Service link under the form section.</br>
Terms of Service page title matched successfully.</br>
<Strong><b>Sisense Testing is passed.</b></font></strong></br>]]>
    </system-out>
  </testcase> <!-- verifyTermsOfServicePageTitleUnderFormSection -->
  <testcase classname="com.sisense.about.PartnersTest" name="verifyHomeBreadcrumbTitleUnderPartnersPage" time="29.631">
    <system-out>
      <![CDATA[Open Browser</br>
Click on Accept Cookie button.</br>
Mouse hovered on About tab.</br>
Click on the Partners menu under the About tab successfully.</br>
Click on Home breadcrumb.</br>
Sisense Home Page title matched successfully.</br>
<Strong><b>Sisense Testing is passed.</b></font></strong></br>]]>
    </system-out>
  </testcase> <!-- verifyHomeBreadcrumbTitleUnderPartnersPage -->
  <testcase classname="com.sisense.about.PartnersTest" name="verifyFillFormFunctionality" time="31.779">
    <system-out>
      <![CDATA[Open Browser</br>
Click on Accept Cookie button.</br>
Mouse hovered on About tab.</br>
Click on the Partners menu under the About tab successfully.</br>
Scroll to the Email label under the footer.</br>
Input Email ID: madhavi.sriramaneni@kiwiqa.com</br>
Input First Name : Madhavi</br>
Input Last Name : Sriramaneni</br>
Input Company Name : KiwiQA</br>
Click on Sign Up Button under Form successfully.</br>
Footer form was submitted successfully.</br>
<Strong><b>Sisense Testing is passed.</b></font></strong></br>]]>
    </system-out>
  </testcase> <!-- verifyFillFormFunctionality -->
  <testcase classname="com.sisense.about.PartnersTest" name="verifyDemoPageTitleUnderHeaderSection" time="26.301">
    <system-out>
      <![CDATA[Open Browser</br>
Click on Accept Cookie button.</br>
Mouse hovered on About tab.</br>
Click on the Partners menu under the About tab successfully.</br>
Click on the Demo button.</br>
Page title: Request a Demo - See Sisense Transform Your Data Analytics</br>
Url : https://www.sisense.com/demo/</br>
Sisense Demo page title matched successfully.</br>
<Strong><b>Sisense Testing is passed.</b></font></strong></br>]]>
    </system-out>
  </testcase> <!-- verifyDemoPageTitleUnderHeaderSection -->
  <testcase classname="com.sisense.about.PartnersTest" name="verifyBookaliveDemoPageTitleUnderFooterSection" time="45.425">
    <system-out>
      <![CDATA[Open Browser</br>
Click on Accept Cookie button.</br>
Mouse hovered on About tab.</br>
Click on the Partners menu under the About tab successfully.</br>
Scroll to Footer section.</br>
Click on Book a Live Demo button under Footer successfully.</br>
Sisense Demo page title matched successfully.</br>
<Strong><b>Sisense Testing is passed.</b></font></strong></br>]]>
    </system-out>
  </testcase> <!-- verifyBookaliveDemoPageTitleUnderFooterSection -->
  <system-out>
    <![CDATA[Open Browser</br>
Click on Accept Cookie button.</br>
Click on the About tab.</br>
Click on Home breadcrumb.</br>
Sisense Home Page title matched successfully.</br>
<Strong><b>Sisense Testing is passed.</b></font></strong></br>
Open Browser</br>
Click on Accept Cookie button.</br>
Click on the About tab.</br>
Click on Explore Careers at Sisense button under Our Culture and Careers section successfully.</br>
Careers Page Title matched successfully.</br>
<Strong><b>Sisense Testing is passed.</b></font></strong></br>
Open Browser</br>
Click on Accept Cookie button.</br>
Click on the About tab.</br>
Click on About Our Investors link under Our Investors section successfully.</br>
Sisense About Our Investors page title matched successfully.</br>
<Strong><b>Sisense Testing is passed.</b></font></strong></br>
Open Browser</br>
Click on Accept Cookie button.</br>
Click on the About tab.</br>
Click on the Demo button.</br>
Page title: Request a Demo - See Sisense Transform Your Data Analytics</br>
Url : https://www.sisense.com/demo/</br>
Sisense Demo page title matched successfully.</br>
<Strong><b>Sisense Testing is passed.</b></font></strong></br>
Open Browser</br>
Click on Accept Cookie button.</br>
Click on the About tab.</br>
Scroll to Footer section.</br>
Click on Book a Live Demo button under Footer successfully.</br>
Sisense Demo page title matched successfully.</br>
<Strong><b>Sisense Testing is passed.</b></font></strong></br>
Open Browser</br>
Click on Accept Cookie button.</br>
Mouse hovered on About tab.</br>
Click on Company Menu under About tab successfully.</br>
Sisense About page title matched successfully.</br>
<Strong><b>Sisense Testing is passed.</b></font></strong></br>
Open Browser</br>
Click on Accept Cookie button.</br>
Mouse hovered on About tab.</br>
Click on Company Menu under About tab successfully.</br>
Click on Home breadcrumb.</br>
Sisense Home Page title matched successfully.</br>
<Strong><b>Sisense Testing is passed.</b></font></strong></br>
Open Browser</br>
Click on Accept Cookie button.</br>
Mouse hovered on About tab.</br>
Click on Company Menu under About tab successfully.</br>
Click on Explore Careers at Sisense button under Our Culture and Careers section successfully.</br>
Careers Page Title matched successfully.</br>
<Strong><b>Sisense Testing is passed.</b></font></strong></br>
Open Browser</br>
Click on Accept Cookie button.</br>
Mouse hovered on About tab.</br>
Click on Company Menu under About tab successfully.</br>
Click on About Our Investors link under Our Investors section successfully.</br>
Sisense About Our Investors page title matched successfully.</br>
<Strong><b>Sisense Testing is passed.</b></font></strong></br>
Open Browser</br>
Click on Accept Cookie button.</br>
Mouse hovered on About tab.</br>
Click on Company Menu under About tab successfully.</br>
Click on the Demo button.</br>
Page title: Request a Demo - See Sisense Transform Your Data Analytics</br>
Url : https://www.sisense.com/demo/</br>
Sisense Demo page title matched successfully.</br>
<Strong><b>Sisense Testing is passed.</b></font></strong></br>
Open Browser</br>
Click on Accept Cookie button.</br>
Mouse hovered on About tab.</br>
Click on Company Menu under About tab successfully.</br>
Scroll to Footer section.</br>
Click on Book a Live Demo button under Footer successfully.</br>
Sisense Demo page title matched successfully.</br>
<Strong><b>Sisense Testing is passed.</b></font></strong></br>
Open Browser</br>
Click on Accept Cookie button.</br>
Mouse hovered on About tab.</br>
Click on the Partners menu under the About tab successfully.</br>
Sisense Partners page title matched successfully.</br>
<Strong><b>Sisense Testing is passed.</b></font></strong></br>
Open Browser</br>
Click on Accept Cookie button.</br>
Mouse hovered on About tab.</br>
Click on the Partners menu under the About tab successfully.</br>
Click on Home breadcrumb.</br>
Sisense Home Page title matched successfully.</br>
<Strong><b>Sisense Testing is passed.</b></font></strong></br>
Open Browser</br>
Click on Accept Cookie button.</br>
Mouse hovered on About tab.</br>
Click on the Partners menu under the About tab successfully.</br>
Click on the Become a Partner button under the banner section successfully.</br>
Input Email ID: madhavi.sriramaneni@kiwiqa.com</br>
Input First Name : Madhavi</br>
Input Last Name : Sriramaneni</br>
Input Phone Number : 9998886667</br>
Input Company Name : KiwiQA</br>
Input Job Title : QA</br>
Input Partner Type : Partner - Platform</br>
Input Comments : Testing</br>
Click on the Submit button under the form.</br>
The Become a Partner form was submitted successfully.</br>
<Strong><b>Sisense Testing is passed.</b></font></strong></br>
Open Browser</br>
Click on Accept Cookie button.</br>
Mouse hovered on About tab.</br>
Click on the Partners menu under the About tab successfully.</br>
Click on the View All Partners button under the banner.</br>
Sisense View All Partners page title matched successfully.</br>
<Strong><b>Sisense Testing is passed.</b></font></strong></br>
Open Browser</br>
Click on Accept Cookie button.</br>
Mouse hovered on About tab.</br>
Click on the Partners menu under the About tab successfully.</br>
Scroll to the Email label under the footer.</br>
Input Email ID: madhavi.sriramaneni@kiwiqa.com</br>
Input First Name : Madhavi</br>
Input Last Name : Sriramaneni</br>
Input Company Name : KiwiQA</br>
Click on Sign Up Button under Form successfully.</br>
Footer form was submitted successfully.</br>
<Strong><b>Sisense Testing is passed.</b></font></strong></br>
Open Browser</br>
Click on Accept Cookie button.</br>
Mouse hovered on About tab.</br>
Click on the Partners menu under the About tab successfully.</br>
Click on the Privacy Policy link under the form section.</br>
Privacy Policy page title matched successfully.</br>
<Strong><b>Sisense Testing is passed.</b></font></strong></br>
Open Browser</br>
Click on Accept Cookie button.</br>
Mouse hovered on About tab.</br>
Click on the Partners menu under the About tab successfully.</br>
Click on the Terms of Service link under the form section.</br>
Terms of Service page title matched successfully.</br>
<Strong><b>Sisense Testing is passed.</b></font></strong></br>
Open Browser</br>
Click on Accept Cookie button.</br>
Mouse hovered on About tab.</br>
Click on the Partners menu under the About tab successfully.</br>
Click on the Demo button.</br>
Page title: Request a Demo - See Sisense Transform Your Data Analytics</br>
Url : https://www.sisense.com/demo/</br>
Sisense Demo page title matched successfully.</br>
<Strong><b>Sisense Testing is passed.</b></font></strong></br>
Open Browser</br>
Click on Accept Cookie button.</br>
Mouse hovered on About tab.</br>
Click on the Partners menu under the About tab successfully.</br>
Scroll to Footer section.</br>
Click on Book a Live Demo button under Footer successfully.</br>
Sisense Demo page title matched successfully.</br>
<Strong><b>Sisense Testing is passed.</b></font></strong></br>
Open Browser</br>
Click on Accept Cookie button.</br>
Mouse hovered on About tab.</br>
Click on Newsroom menu successfully.</br>
Sisense Newsroom Page Title matched successfully.</br>
<Strong><b>Sisense Testing is passed.</b></font></strong></br>
Open Browser</br>
Click on Accept Cookie button.</br>
Mouse hovered on About tab.</br>
Click on Newsroom menu successfully.</br>
Click on Home breadcrumb.</br>
Sisense Home Page title matched successfully.</br>
<Strong><b>Sisense Testing is passed.</b></font></strong></br>
Open Browser</br>
Click on Accept Cookie button.</br>
Mouse hovered on About tab.</br>
Click on Newsroom menu successfully.</br>
Scroll to Email label.</br>
Input Email ID: madhavi.sriramaneni@kiwiqa.com</br>
Input First Name : Madhavi</br>
Input Last Name : Sriramaneni</br>
Input Company Name : KiwiQA</br>
Click on Sign Up Button under Form successfully.</br>
Form submitted successfully.</br>
<Strong><b>Sisense Testing is passed.</b></font></strong></br>
Open Browser</br>
Click on Accept Cookie button.</br>
Mouse hovered on About tab.</br>
Click on Newsroom menu successfully.</br>
Click on Privacy Policy link.</br>
Privacy Policy Page Title matched successfully.</br>
<Strong><b>Sisense Testing is passed.</b></font></strong></br>
Open Browser</br>
Click on Accept Cookie button.</br>
Mouse hovered on About tab.</br>
Click on Newsroom menu successfully.</br>
Click on Terms of Service link.</br>
Terms of Service Page Title matched successfully.</br>
<Strong><b>Sisense Testing is passed.</b></font></strong></br>
Open Browser</br>
Click on Accept Cookie button.</br>
Mouse hovered on About tab.</br>
Click on Newsroom menu successfully.</br>
Click on the Demo button.</br>
Page title: Request a Demo - See Sisense Transform Your Data Analytics</br>
Url : https://www.sisense.com/demo/</br>
Sisense Demo page title matched successfully.</br>
<Strong><b>Sisense Testing is passed.</b></font></strong></br>
Open Browser</br>
Click on Accept Cookie button.</br>
Mouse hovered on About tab.</br>
Click on Newsroom menu successfully.</br>
Scroll to Footer section.</br>
Click on Book a Live Demo button under Footer successfully.</br>
Sisense Demo page title matched successfully.</br>
<Strong><b>Sisense Testing is passed.</b></font></strong></br>
Open Browser</br>
Click on Accept Cookie button.</br>
Mouse hovered on About tab.</br>
Click on Newsroom menu successfully.</br>
Click on Press Releases link successfully.</br>
Sisense Newsroom Page Title matched successfully.</br>
<Strong><b>Sisense Testing is passed.</b></font></strong></br>
Open Browser</br>
Click on Accept Cookie button.</br>
Mouse hovered on About tab.</br>
Click on Newsroom menu successfully.</br>
Click on Press Releases link successfully.</br>
Click on Home breadcrumb.</br>
Sisense Home Page title matched successfully.</br>
<Strong><b>Sisense Testing is passed.</b></font></strong></br>
Open Browser</br>
Click on Accept Cookie button.</br>
Mouse hovered on About tab.</br>
Click on Newsroom menu successfully.</br>
Click on Press Releases link successfully.</br>
Scroll to Email label.</br>
Input Email ID: madhavi.sriramaneni@kiwiqa.com</br>
Input First Name : Madhavi</br>
Input Last Name : Sriramaneni</br>
Input Company Name : KiwiQA</br>
Click on Sign Up Button under Form successfully.</br>
Form submitted successfully.</br>
<Strong><b>Sisense Testing is passed.</b></font></strong></br>
Open Browser</br>
Click on Accept Cookie button.</br>
Mouse hovered on About tab.</br>
Click on Newsroom menu successfully.</br>
Click on Press Releases link successfully.</br>
Click on Privacy Policy link.</br>
Privacy Policy Page Title matched successfully.</br>
<Strong><b>Sisense Testing is passed.</b></font></strong></br>
Open Browser</br>
Click on Accept Cookie button.</br>
Mouse hovered on About tab.</br>
Click on Newsroom menu successfully.</br>
Click on Press Releases link successfully.</br>
Click on Terms of Service link.</br>
Terms of Service Page Title matched successfully.</br>
<Strong><b>Sisense Testing is passed.</b></font></strong></br>
Open Browser</br>
Click on Accept Cookie button.</br>
Mouse hovered on About tab.</br>
Click on Newsroom menu successfully.</br>
Click on Press Releases link successfully.</br>
Click on the Demo button.</br>
Page title: Request a Demo - See Sisense Transform Your Data Analytics</br>
Url : https://www.sisense.com/demo/</br>
Sisense Demo page title matched successfully.</br>
<Strong><b>Sisense Testing is passed.</b></font></strong></br>
Open Browser</br>
Click on Accept Cookie button.</br>
Mouse hovered on About tab.</br>
Click on Newsroom menu successfully.</br>
Click on Press Releases link successfully.</br>
Scroll to Footer section.</br>
Click on Book a Live Demo button under Footer successfully.</br>
Sisense Demo page title matched successfully.</br>
<Strong><b>Sisense Testing is passed.</b></font></strong></br>]]>
  </system-out>
</testsuite> <!-- com.sisense.about.PartnersTest -->
