<?xml version="1.0" encoding="UTF-8"?>
<!-- Generated by org.testng.reporters.JUnitReportReporter -->
<testsuite hostname="Renil_Lakhani" failures="0" tests="14" name="com.sisense.about.NewsroomTest" time="457.014" errors="0" timestamp="2026-03-03T10:05:47 IST" skipped="0">
  <testcase classname="com.sisense.about.NewsroomTest" name="verifyPressReleasesFillFormFunctionality" time="31.779">
    <system-out>
      <![CDATA[Open Browser</br>
Click on Accept Cookie button.</br>
Mouse hovered on About tab.</br>
Click on Newsroom menu successfully.</br>
Click on Press Releases link successfully.</br>
Scroll to Email label.</br>
Input Email ID: madhavi.sriramaneni@kiwiqa.com</br>
Input First Name : Madhavi</br>
Input Last Name : Sriramaneni</br>
Input Company Name : KiwiQA</br>
Click on Sign Up Button under Form successfully.</br>
Form submitted successfully.</br>
<Strong><b>Sisense Testing is passed.</b></font></strong></br>]]>
    </system-out>
  </testcase> <!-- verifyPressReleasesFillFormFunctionality -->
  <testcase classname="com.sisense.about.NewsroomTest" name="verifyPressReleasesDemoPageTitleUnderHeaderSection" time="29.404">
    <system-out>
      <![CDATA[Open Browser</br>
Click on Accept Cookie button.</br>
Mouse hovered on About tab.</br>
Click on Newsroom menu successfully.</br>
Click on Press Releases link successfully.</br>
Click on the Demo button.</br>
Page title: Request a Demo - See Sisense Transform Your Data Analytics</br>
Url : https://www.sisense.com/demo/</br>
Sisense Demo page title matched successfully.</br>
<Strong><b>Sisense Testing is passed.</b></font></strong></br>]]>
    </system-out>
  </testcase> <!-- verifyPressReleasesDemoPageTitleUnderHeaderSection -->
  <testcase classname="com.sisense.about.NewsroomTest" name="verifyPressReleasesBookaliveDemoPageTitleUnderFooterSection" time="41.599">
    <system-out>
      <![CDATA[Open Browser</br>
Click on Accept Cookie button.</br>
Mouse hovered on About tab.</br>
Click on Newsroom menu successfully.</br>
Click on Press Releases link successfully.</br>
Scroll to Footer section.</br>
Click on Book a Live Demo button under Footer successfully.</br>
Sisense Demo page title matched successfully.</br>
<Strong><b>Sisense Testing is passed.</b></font></strong></br>]]>
    </system-out>
  </testcase> <!-- verifyPressReleasesBookaliveDemoPageTitleUnderFooterSection -->
  <testcase classname="com.sisense.about.NewsroomTest" name="verifyHomeBreadcrumbTitleUnderNewsroomPage" time="26.886">
    <system-out>
      <![CDATA[Open Browser</br>
Click on Accept Cookie button.</br>
Mouse hovered on About tab.</br>
Click on Newsroom menu successfully.</br>
Click on Home breadcrumb.</br>
Sisense Home Page title matched successfully.</br>
<Strong><b>Sisense Testing is passed.</b></font></strong></br>]]>
    </system-out>
  </testcase> <!-- verifyHomeBreadcrumbTitleUnderNewsroomPage -->
  <testcase classname="com.sisense.about.NewsroomTest" name="verifyNewsroomPageTitleUnderAboutTab" time="25.938">
    <system-out>
      <![CDATA[Open Browser</br>
Click on Accept Cookie button.</br>
Mouse hovered on About tab.</br>
Click on Newsroom menu successfully.</br>
Sisense Newsroom Page Title matched successfully.</br>
<Strong><b>Sisense Testing is passed.</b></font></strong></br>]]>
    </system-out>
  </testcase> <!-- verifyNewsroomPageTitleUnderAboutTab -->
  <testcase classname="com.sisense.about.NewsroomTest" name="verifyTermsOfServicePageTitleUnderAboutTab" time="29.968">
    <system-out>
      <![CDATA[Open Browser</br>
Click on Accept Cookie button.</br>
Mouse hovered on About tab.</br>
Click on Newsroom menu successfully.</br>
Click on Terms of Service link.</br>
Terms of Service Page Title matched successfully.</br>
<Strong><b>Sisense Testing is passed.</b></font></strong></br>]]>
    </system-out>
  </testcase> <!-- verifyTermsOfServicePageTitleUnderAboutTab -->
  <testcase classname="com.sisense.about.NewsroomTest" name="verifyPressReleasesHomeBreadcrumbTitleUnderPressReleasesPage" time="28.231">
    <system-out>
      <![CDATA[Open Browser</br>
Click on Accept Cookie button.</br>
Mouse hovered on About tab.</br>
Click on Newsroom menu successfully.</br>
Click on Press Releases link successfully.</br>
Click on Home breadcrumb.</br>
Sisense Home Page title matched successfully.</br>
<Strong><b>Sisense Testing is passed.</b></font></strong></br>]]>
    </system-out>
  </testcase> <!-- verifyPressReleasesHomeBreadcrumbTitleUnderPressReleasesPage -->
  <testcase classname="com.sisense.about.NewsroomTest" name="verifyPressReleasesPrivacyPolicyPageTitleUnderFormSection" time="29.258">
    <system-out>
      <![CDATA[Open Browser</br>
Click on Accept Cookie button.</br>
Mouse hovered on About tab.</br>
Click on Newsroom menu successfully.</br>
Click on Press Releases link successfully.</br>
Click on Privacy Policy link.</br>
Privacy Policy Page Title matched successfully.</br>
<Strong><b>Sisense Testing is passed.</b></font></strong></br>]]>
    </system-out>
  </testcase> <!-- verifyPressReleasesPrivacyPolicyPageTitleUnderFormSection -->
  <testcase classname="com.sisense.about.NewsroomTest" name="verifyFillFormFunctionality" time="34.343">
    <system-out>
      <![CDATA[Open Browser</br>
Click on Accept Cookie button.</br>
Mouse hovered on About tab.</br>
Click on Newsroom menu successfully.</br>
Scroll to Email label.</br>
Input Email ID: madhavi.sriramaneni@kiwiqa.com</br>
Input First Name : Madhavi</br>
Input Last Name : Sriramaneni</br>
Input Company Name : KiwiQA</br>
Click on Sign Up Button under Form successfully.</br>
Form submitted successfully.</br>
<Strong><b>Sisense Testing is passed.</b></font></strong></br>]]>
    </system-out>
  </testcase> <!-- verifyFillFormFunctionality -->
  <testcase classname="com.sisense.about.NewsroomTest" name="verifyPressReleasesTermsOfServicePageTitleUnderFormSection" time="31.990">
    <system-out>
      <![CDATA[Open Browser</br>
Click on Accept Cookie button.</br>
Mouse hovered on About tab.</br>
Click on Newsroom menu successfully.</br>
Click on Press Releases link successfully.</br>
Click on Terms of Service link.</br>
Terms of Service Page Title matched successfully.</br>
<Strong><b>Sisense Testing is passed.</b></font></strong></br>]]>
    </system-out>
  </testcase> <!-- verifyPressReleasesTermsOfServicePageTitleUnderFormSection -->
  <testcase classname="com.sisense.about.NewsroomTest" name="verifyPressReleasesPageTitleUnderNewsroomPage" time="32.949">
    <system-out>
      <![CDATA[Open Browser</br>
Click on Accept Cookie button.</br>
Mouse hovered on About tab.</br>
Click on Newsroom menu successfully.</br>
Click on Press Releases link successfully.</br>
Sisense Newsroom Page Title matched successfully.</br>
<Strong><b>Sisense Testing is passed.</b></font></strong></br>]]>
    </system-out>
  </testcase> <!-- verifyPressReleasesPageTitleUnderNewsroomPage -->
  <testcase classname="com.sisense.about.NewsroomTest" name="verifyBookaliveDemoPageTitleUnderFooterSection" time="52.435">
    <system-out>
      <![CDATA[Open Browser</br>
Click on Accept Cookie button.</br>
Mouse hovered on About tab.</br>
Click on Newsroom menu successfully.</br>
Scroll to Footer section.</br>
Click on Book a Live Demo button under Footer successfully.</br>
Sisense Demo page title matched successfully.</br>
<Strong><b>Sisense Testing is passed.</b></font></strong></br>]]>
    </system-out>
  </testcase> <!-- verifyBookaliveDemoPageTitleUnderFooterSection -->
  <testcase classname="com.sisense.about.NewsroomTest" name="verifyPrivacyPolicyPageTitleUnderForm" time="30.025">
    <system-out>
      <![CDATA[Open Browser</br>
Click on Accept Cookie button.</br>
Mouse hovered on About tab.</br>
Click on Newsroom menu successfully.</br>
Click on Privacy Policy link.</br>
Privacy Policy Page Title matched successfully.</br>
<Strong><b>Sisense Testing is passed.</b></font></strong></br>]]>
    </system-out>
  </testcase> <!-- verifyPrivacyPolicyPageTitleUnderForm -->
  <testcase classname="com.sisense.about.NewsroomTest" name="verifyDemoPageTitleUnderHeaderSection" time="32.209">
    <system-out>
      <![CDATA[Open Browser</br>
Click on Accept Cookie button.</br>
Mouse hovered on About tab.</br>
Click on Newsroom menu successfully.</br>
Click on the Demo button.</br>
Page title: Request a Demo - See Sisense Transform Your Data Analytics</br>
Url : https://www.sisense.com/demo/</br>
Sisense Demo page title matched successfully.</br>
<Strong><b>Sisense Testing is passed.</b></font></strong></br>]]>
    </system-out>
  </testcase> <!-- verifyDemoPageTitleUnderHeaderSection -->
  <system-out>
    <![CDATA[Open Browser</br>
Click on Accept Cookie button.</br>
Click on the About tab.</br>
Click on Home breadcrumb.</br>
Sisense Home Page title matched successfully.</br>
<Strong><b>Sisense Testing is passed.</b></font></strong></br>
Open Browser</br>
Click on Accept Cookie button.</br>
Click on the About tab.</br>
Click on Explore Careers at Sisense button under Our Culture and Careers section successfully.</br>
Careers Page Title matched successfully.</br>
<Strong><b>Sisense Testing is passed.</b></font></strong></br>
Open Browser</br>
Click on Accept Cookie button.</br>
Click on the About tab.</br>
Click on About Our Investors link under Our Investors section successfully.</br>
Sisense About Our Investors page title matched successfully.</br>
<Strong><b>Sisense Testing is passed.</b></font></strong></br>
Open Browser</br>
Click on Accept Cookie button.</br>
Click on the About tab.</br>
Click on the Demo button.</br>
Page title: Request a Demo - See Sisense Transform Your Data Analytics</br>
Url : https://www.sisense.com/demo/</br>
Sisense Demo page title matched successfully.</br>
<Strong><b>Sisense Testing is passed.</b></font></strong></br>
Open Browser</br>
Click on Accept Cookie button.</br>
Click on the About tab.</br>
Scroll to Footer section.</br>
Click on Book a Live Demo button under Footer successfully.</br>
Sisense Demo page title matched successfully.</br>
<Strong><b>Sisense Testing is passed.</b></font></strong></br>
Open Browser</br>
Click on Accept Cookie button.</br>
Mouse hovered on About tab.</br>
Click on Company Menu under About tab successfully.</br>
Sisense About page title matched successfully.</br>
<Strong><b>Sisense Testing is passed.</b></font></strong></br>
Open Browser</br>
Click on Accept Cookie button.</br>
Mouse hovered on About tab.</br>
Click on Company Menu under About tab successfully.</br>
Click on Home breadcrumb.</br>
Sisense Home Page title matched successfully.</br>
<Strong><b>Sisense Testing is passed.</b></font></strong></br>
Open Browser</br>
Click on Accept Cookie button.</br>
Mouse hovered on About tab.</br>
Click on Company Menu under About tab successfully.</br>
Click on Explore Careers at Sisense button under Our Culture and Careers section successfully.</br>
Careers Page Title matched successfully.</br>
<Strong><b>Sisense Testing is passed.</b></font></strong></br>
Open Browser</br>
Click on Accept Cookie button.</br>
Mouse hovered on About tab.</br>
Click on Company Menu under About tab successfully.</br>
Click on About Our Investors link under Our Investors section successfully.</br>
Sisense About Our Investors page title matched successfully.</br>
<Strong><b>Sisense Testing is passed.</b></font></strong></br>
Open Browser</br>
Click on Accept Cookie button.</br>
Mouse hovered on About tab.</br>
Click on Company Menu under About tab successfully.</br>
Click on the Demo button.</br>
Page title: Request a Demo - See Sisense Transform Your Data Analytics</br>
Url : https://www.sisense.com/demo/</br>
Sisense Demo page title matched successfully.</br>
<Strong><b>Sisense Testing is passed.</b></font></strong></br>
Open Browser</br>
Click on Accept Cookie button.</br>
Mouse hovered on About tab.</br>
Click on Company Menu under About tab successfully.</br>
Scroll to Footer section.</br>
Click on Book a Live Demo button under Footer successfully.</br>
Sisense Demo page title matched successfully.</br>
<Strong><b>Sisense Testing is passed.</b></font></strong></br>
Open Browser</br>
Click on Accept Cookie button.</br>
Mouse hovered on About tab.</br>
Click on the Partners menu under the About tab successfully.</br>
Sisense Partners page title matched successfully.</br>
<Strong><b>Sisense Testing is passed.</b></font></strong></br>
Open Browser</br>
Click on Accept Cookie button.</br>
Mouse hovered on About tab.</br>
Click on the Partners menu under the About tab successfully.</br>
Click on Home breadcrumb.</br>
Sisense Home Page title matched successfully.</br>
<Strong><b>Sisense Testing is passed.</b></font></strong></br>
Open Browser</br>
Click on Accept Cookie button.</br>
Mouse hovered on About tab.</br>
Click on the Partners menu under the About tab successfully.</br>
Click on the Become a Partner button under the banner section successfully.</br>
Input Email ID: madhavi.sriramaneni@kiwiqa.com</br>
Input First Name : Madhavi</br>
Input Last Name : Sriramaneni</br>
Input Phone Number : 9998886667</br>
Input Company Name : KiwiQA</br>
Input Job Title : QA</br>
Input Partner Type : Partner - Platform</br>
Input Comments : Testing</br>
Click on the Submit button under the form.</br>
The Become a Partner form was submitted successfully.</br>
<Strong><b>Sisense Testing is passed.</b></font></strong></br>
Open Browser</br>
Click on Accept Cookie button.</br>
Mouse hovered on About tab.</br>
Click on the Partners menu under the About tab successfully.</br>
Click on the View All Partners button under the banner.</br>
Sisense View All Partners page title matched successfully.</br>
<Strong><b>Sisense Testing is passed.</b></font></strong></br>
Open Browser</br>
Click on Accept Cookie button.</br>
Mouse hovered on About tab.</br>
Click on the Partners menu under the About tab successfully.</br>
Scroll to the Email label under the footer.</br>
Input Email ID: madhavi.sriramaneni@kiwiqa.com</br>
Input First Name : Madhavi</br>
Input Last Name : Sriramaneni</br>
Input Company Name : KiwiQA</br>
Click on Sign Up Button under Form successfully.</br>
Footer form was submitted successfully.</br>
<Strong><b>Sisense Testing is passed.</b></font></strong></br>
Open Browser</br>
Click on Accept Cookie button.</br>
Mouse hovered on About tab.</br>
Click on the Partners menu under the About tab successfully.</br>
Click on the Privacy Policy link under the form section.</br>
Privacy Policy page title matched successfully.</br>
<Strong><b>Sisense Testing is passed.</b></font></strong></br>
Open Browser</br>
Click on Accept Cookie button.</br>
Mouse hovered on About tab.</br>
Click on the Partners menu under the About tab successfully.</br>
Click on the Terms of Service link under the form section.</br>
Terms of Service page title matched successfully.</br>
<Strong><b>Sisense Testing is passed.</b></font></strong></br>
Open Browser</br>
Click on Accept Cookie button.</br>
Mouse hovered on About tab.</br>
Click on the Partners menu under the About tab successfully.</br>
Click on the Demo button.</br>
Page title: Request a Demo - See Sisense Transform Your Data Analytics</br>
Url : https://www.sisense.com/demo/</br>
Sisense Demo page title matched successfully.</br>
<Strong><b>Sisense Testing is passed.</b></font></strong></br>
Open Browser</br>
Click on Accept Cookie button.</br>
Mouse hovered on About tab.</br>
Click on the Partners menu under the About tab successfully.</br>
Scroll to Footer section.</br>
Click on Book a Live Demo button under Footer successfully.</br>
Sisense Demo page title matched successfully.</br>
<Strong><b>Sisense Testing is passed.</b></font></strong></br>
Open Browser</br>
Click on Accept Cookie button.</br>
Mouse hovered on About tab.</br>
Click on Newsroom menu successfully.</br>
Sisense Newsroom Page Title matched successfully.</br>
<Strong><b>Sisense Testing is passed.</b></font></strong></br>
Open Browser</br>
Click on Accept Cookie button.</br>
Mouse hovered on About tab.</br>
Click on Newsroom menu successfully.</br>
Click on Home breadcrumb.</br>
Sisense Home Page title matched successfully.</br>
<Strong><b>Sisense Testing is passed.</b></font></strong></br>
Open Browser</br>
Click on Accept Cookie button.</br>
Mouse hovered on About tab.</br>
Click on Newsroom menu successfully.</br>
Scroll to Email label.</br>
Input Email ID: madhavi.sriramaneni@kiwiqa.com</br>
Input First Name : Madhavi</br>
Input Last Name : Sriramaneni</br>
Input Company Name : KiwiQA</br>
Click on Sign Up Button under Form successfully.</br>
Form submitted successfully.</br>
<Strong><b>Sisense Testing is passed.</b></font></strong></br>
Open Browser</br>
Click on Accept Cookie button.</br>
Mouse hovered on About tab.</br>
Click on Newsroom menu successfully.</br>
Click on Privacy Policy link.</br>
Privacy Policy Page Title matched successfully.</br>
<Strong><b>Sisense Testing is passed.</b></font></strong></br>
Open Browser</br>
Click on Accept Cookie button.</br>
Mouse hovered on About tab.</br>
Click on Newsroom menu successfully.</br>
Click on Terms of Service link.</br>
Terms of Service Page Title matched successfully.</br>
<Strong><b>Sisense Testing is passed.</b></font></strong></br>
Open Browser</br>
Click on Accept Cookie button.</br>
Mouse hovered on About tab.</br>
Click on Newsroom menu successfully.</br>
Click on the Demo button.</br>
Page title: Request a Demo - See Sisense Transform Your Data Analytics</br>
Url : https://www.sisense.com/demo/</br>
Sisense Demo page title matched successfully.</br>
<Strong><b>Sisense Testing is passed.</b></font></strong></br>
Open Browser</br>
Click on Accept Cookie button.</br>
Mouse hovered on About tab.</br>
Click on Newsroom menu successfully.</br>
Scroll to Footer section.</br>
Click on Book a Live Demo button under Footer successfully.</br>
Sisense Demo page title matched successfully.</br>
<Strong><b>Sisense Testing is passed.</b></font></strong></br>
Open Browser</br>
Click on Accept Cookie button.</br>
Mouse hovered on About tab.</br>
Click on Newsroom menu successfully.</br>
Click on Press Releases link successfully.</br>
Sisense Newsroom Page Title matched successfully.</br>
<Strong><b>Sisense Testing is passed.</b></font></strong></br>
Open Browser</br>
Click on Accept Cookie button.</br>
Mouse hovered on About tab.</br>
Click on Newsroom menu successfully.</br>
Click on Press Releases link successfully.</br>
Click on Home breadcrumb.</br>
Sisense Home Page title matched successfully.</br>
<Strong><b>Sisense Testing is passed.</b></font></strong></br>
Open Browser</br>
Click on Accept Cookie button.</br>
Mouse hovered on About tab.</br>
Click on Newsroom menu successfully.</br>
Click on Press Releases link successfully.</br>
Scroll to Email label.</br>
Input Email ID: madhavi.sriramaneni@kiwiqa.com</br>
Input First Name : Madhavi</br>
Input Last Name : Sriramaneni</br>
Input Company Name : KiwiQA</br>
Click on Sign Up Button under Form successfully.</br>
Form submitted successfully.</br>
<Strong><b>Sisense Testing is passed.</b></font></strong></br>
Open Browser</br>
Click on Accept Cookie button.</br>
Mouse hovered on About tab.</br>
Click on Newsroom menu successfully.</br>
Click on Press Releases link successfully.</br>
Click on Privacy Policy link.</br>
Privacy Policy Page Title matched successfully.</br>
<Strong><b>Sisense Testing is passed.</b></font></strong></br>
Open Browser</br>
Click on Accept Cookie button.</br>
Mouse hovered on About tab.</br>
Click on Newsroom menu successfully.</br>
Click on Press Releases link successfully.</br>
Click on Terms of Service link.</br>
Terms of Service Page Title matched successfully.</br>
<Strong><b>Sisense Testing is passed.</b></font></strong></br>
Open Browser</br>
Click on Accept Cookie button.</br>
Mouse hovered on About tab.</br>
Click on Newsroom menu successfully.</br>
Click on Press Releases link successfully.</br>
Click on the Demo button.</br>
Page title: Request a Demo - See Sisense Transform Your Data Analytics</br>
Url : https://www.sisense.com/demo/</br>
Sisense Demo page title matched successfully.</br>
<Strong><b>Sisense Testing is passed.</b></font></strong></br>
Open Browser</br>
Click on Accept Cookie button.</br>
Mouse hovered on About tab.</br>
Click on Newsroom menu successfully.</br>
Click on Press Releases link successfully.</br>
Scroll to Footer section.</br>
Click on Book a Live Demo button under Footer successfully.</br>
Sisense Demo page title matched successfully.</br>
<Strong><b>Sisense Testing is passed.</b></font></strong></br>]]>
  </system-out>
</testsuite> <!-- com.sisense.about.NewsroomTest -->
