<?xml version="1.0" encoding="UTF-8"?>
<!-- Generated by org.testng.reporters.JUnitReportReporter -->
<testsuite hostname="Renil_Lakhani" failures="0" tests="1" name="com.sisense.footer.SisenseFooterTest" time="29.263" errors="0" timestamp="2026-03-11T12:09:29 IST" skipped="0">
  <testcase classname="com.sisense.footer.SisenseFooterTest" name="verifySupportPortalPageTitleUnderFooter" time="29.263">
    <system-out>
      <![CDATA[Open Browser</br>
Click on Accept Cookie button.</br>
Scroll to Footer section.</br>
Click on Support Portal link under Footer successfully.</br>
Sisense Footer Support Portal Page Title matched successfully.</br>
<Strong><b>Sisense Testing is passed.</b></font></strong></br>]]>
    </system-out>
  </testcase> <!-- verifySupportPortalPageTitleUnderFooter -->
  <system-out>
    <![CDATA[Open Browser</br>
Click on Accept Cookie button.</br>
Scroll to Footer section.</br>
Click on Support Portal link under Footer successfully.</br>
Sisense Footer Support Portal Page Title matched successfully.</br>
<Strong><b>Sisense Testing is passed.</b></font></strong></br>]]>
  </system-out>
</testsuite> <!-- com.sisense.footer.SisenseFooterTest -->
