<?xml version="1.0" encoding="UTF-8"?>
<!-- Generated by org.testng.reporters.JUnitReportReporter -->
<testsuite hostname="Janki_Patel" failures="0" tests="9" name="com.sisense.about.PartnersTest" time="243.002" errors="1" timestamp="2026-03-13T10:03:38 IST" skipped="0">
  <testcase classname="com.sisense.about.PartnersTest" name="verifyDemoPageTitleUnderHeaderSection" time="22.410">
    <system-out>
      <![CDATA[Open Browser</br>
Click on Accept Cookie button.</br>
Mouse hovered on About tab.</br>
Click on the Partners menu under the About tab successfully.</br>
Click on the Demo button.</br>
Page title: Request a Demo - See Sisense Transform Your Data Analytics</br>
Url : https://www.sisense.com/demo/</br>
Sisense Demo page title matched successfully.</br>
<Strong><b>Sisense Testing is passed.</b></font></strong></br>]]>
    </system-out>
  </testcase> <!-- verifyDemoPageTitleUnderHeaderSection -->
  <testcase classname="com.sisense.about.PartnersTest" name="verifyPartnersPageTitleUnderAboutTab" time="22.814">
    <system-out>
      <![CDATA[Open Browser</br>
Click on Accept Cookie button.</br>
Mouse hovered on About tab.</br>
Click on the Partners menu under the About tab successfully.</br>
Sisense Partners page title matched successfully.</br>
<Strong><b>Sisense Testing is passed.</b></font></strong></br>]]>
    </system-out>
  </testcase> <!-- verifyPartnersPageTitleUnderAboutTab -->
  <testcase classname="com.sisense.about.PartnersTest" name="verifyPrivacyPolicyPageTitleUnderFormSection" time="26.730">
    <system-out>
      <![CDATA[Open Browser</br>
Click on Accept Cookie button.</br>
Mouse hovered on About tab.</br>
Click on the Partners menu under the About tab successfully.</br>
Click on the Privacy Policy link under the form section.</br>
Privacy Policy page title matched successfully.</br>
<Strong><b>Sisense Testing is passed.</b></font></strong></br>]]>
    </system-out>
  </testcase> <!-- verifyPrivacyPolicyPageTitleUnderFormSection -->
  <testcase classname="com.sisense.about.PartnersTest" name="verifyFillFormFunctionality" time="24.051">
    <system-out>
      <![CDATA[Open Browser</br>
Click on Accept Cookie button.</br>
Mouse hovered on About tab.</br>
Click on the Partners menu under the About tab successfully.</br>
Scroll to the Email label under the footer.</br>
Input Email ID: madhavi.sriramaneni@kiwiqa.com</br>
Input First Name : Madhavi</br>
Input Last Name : Sriramaneni</br>
Input Company Name : KiwiQA</br>
Click on Sign Up Button under Form successfully.</br>
Footer form was submitted successfully.</br>
<Strong><b>Sisense Testing is passed.</b></font></strong></br>]]>
    </system-out>
  </testcase> <!-- verifyFillFormFunctionality -->
  <testcase classname="com.sisense.about.PartnersTest" name="verifyFillFormBecomeaPartnerFunctionality" time="51.995">
    <error message="Expected condition failed: waiting for visibility of [[ChromeDriver: chrome on windows (71726e332772964a95c93da801b7cb2a)] -&gt; xpath: //h2[text()=&#039;Become a Partner&#039;]//following::input[@id=&#039;Email&#039;]] (tried for 30 second(s) with 500 milliseconds interval)
Build info: version: &#039;4.18.1&#039;, revision: &#039;b1d3319b48&#039;
System info: os.name: &#039;Windows 11&#039;, os.arch: &#039;amd64&#039;, os.version: &#039;10.0&#039;, java.version: &#039;21.0.1&#039;
Driver info: org.openqa.selenium.chrome.ChromeDriver
Capabilities {acceptInsecureCerts: false, browserName: chrome, browserVersion: 145.0.7632.160, chrome: {chromedriverVersion: 145.0.7632.117 (de4e5d6e13b..., userDataDir: C:\Users\JANKI\AppData\Loca...}, fedcm:accounts: true, goog:chromeOptions: {debuggerAddress: localhost:50928}, goog:processID: 53176, networkConnectionEnabled: false, pageLoadStrategy: normal, platformName: windows, proxy: Proxy(), se:cdp: ws://localhost:50928/devtoo..., se:cdpVersion: 145.0.7632.160, setWindowRect: true, strictFileInteractability: false, timeouts: {implicit: 0, pageLoad: 300000, script: 30000}, unhandledPromptBehavior: ignore, webauthn:extension:credBlob: true, webauthn:extension:largeBlob: true, webauthn:extension:minPinLength: true, webauthn:extension:prf: true, webauthn:virtualAuthenticators: true}
Session ID: 71726e332772964a95c93da801b7cb2a" type="org.openqa.selenium.TimeoutException">
      <![CDATA[org.openqa.selenium.TimeoutException: Expected condition failed: waiting for visibility of [[ChromeDriver: chrome on windows (71726e332772964a95c93da801b7cb2a)] -> xpath: //h2[text()='Become a Partner']//following::input[@id='Email']] (tried for 30 second(s) with 500 milliseconds interval)
Build info: version: '4.18.1', revision: 'b1d3319b48'
System info: os.name: 'Windows 11', os.arch: 'amd64', os.version: '10.0', java.version: '21.0.1'
Driver info: org.openqa.selenium.chrome.ChromeDriver
Capabilities {acceptInsecureCerts: false, browserName: chrome, browserVersion: 145.0.7632.160, chrome: {chromedriverVersion: 145.0.7632.117 (de4e5d6e13b..., userDataDir: C:\Users\JANKI\AppData\Loca...}, fedcm:accounts: true, goog:chromeOptions: {debuggerAddress: localhost:50928}, goog:processID: 53176, networkConnectionEnabled: false, pageLoadStrategy: normal, platformName: windows, proxy: Proxy(), se:cdp: ws://localhost:50928/devtoo..., se:cdpVersion: 145.0.7632.160, setWindowRect: true, strictFileInteractability: false, timeouts: {implicit: 0, pageLoad: 300000, script: 30000}, unhandledPromptBehavior: ignore, webauthn:extension:credBlob: true, webauthn:extension:largeBlob: true, webauthn:extension:minPinLength: true, webauthn:extension:prf: true, webauthn:virtualAuthenticators: true}
Session ID: 71726e332772964a95c93da801b7cb2a
at org.openqa.selenium.support.ui.WebDriverWait.timeoutException(WebDriverWait.java:84)
at org.openqa.selenium.support.ui.FluentWait.until(FluentWait.java:228)
at com.kfast.init.Common.waitForElementToBeVisible(Common.java:912)
at com.sisense.about.PartnersPage.fillUpBecomeAPartnerForm(PartnersPage.java:117)
at com.sisense.about.PartnersTest.verifyFillFormBecomeaPartnerFunctionality(PartnersTest.java:25)
at java.base/jdk.internal.reflect.DirectMethodHandleAccessor.invoke(DirectMethodHandleAccessor.java:103)
at java.base/java.lang.reflect.Method.invoke(Method.java:580)
at org.testng.internal.invokers.MethodInvocationHelper.invokeMethod(MethodInvocationHelper.java:139)
at org.testng.internal.invokers.TestInvoker.invokeMethod(TestInvoker.java:664)
at org.testng.internal.invokers.TestInvoker.invokeTestMethod(TestInvoker.java:228)
at org.testng.internal.invokers.MethodRunner.runInSequence(MethodRunner.java:63)
at org.testng.internal.invokers.TestInvoker$MethodInvocationAgent.invoke(TestInvoker.java:961)
at org.testng.internal.invokers.TestInvoker.invokeTestMethods(TestInvoker.java:201)
at org.testng.internal.invokers.TestMethodWorker.invokeTestMethods(TestMethodWorker.java:148)
at org.testng.internal.invokers.TestMethodWorker.run(TestMethodWorker.java:128)
at java.base/java.util.ArrayList.forEach(ArrayList.java:1596)
at org.testng.TestRunner.privateRun(TestRunner.java:819)
at org.testng.TestRunner.run(TestRunner.java:619)
at org.testng.SuiteRunner.runTest(SuiteRunner.java:443)
at org.testng.SuiteRunner.runSequentially(SuiteRunner.java:437)
at org.testng.SuiteRunner.privateRun(SuiteRunner.java:397)
at org.testng.SuiteRunner.run(SuiteRunner.java:336)
at org.testng.SuiteRunnerWorker.runSuite(SuiteRunnerWorker.java:52)
at org.testng.SuiteRunnerWorker.run(SuiteRunnerWorker.java:95)
at org.testng.TestNG.runSuitesSequentially(TestNG.java:1301)
at org.testng.TestNG.runSuitesLocally(TestNG.java:1228)
at org.testng.TestNG.runSuites(TestNG.java:1134)
at org.testng.TestNG.run(TestNG.java:1101)
at org.apache.maven.surefire.testng.TestNGExecutor.run(TestNGExecutor.java:283)
at org.apache.maven.surefire.testng.TestNGXmlTestSuite.execute(TestNGXmlTestSuite.java:75)
at org.apache.maven.surefire.testng.TestNGProvider.invoke(TestNGProvider.java:120)
at org.apache.maven.surefire.booter.ForkedBooter.invokeProviderInSameClassLoader(ForkedBooter.java:384)
at org.apache.maven.surefire.booter.ForkedBooter.runSuitesInProcess(ForkedBooter.java:345)
at org.apache.maven.surefire.booter.ForkedBooter.execute(ForkedBooter.java:126)
at org.apache.maven.surefire.booter.ForkedBooter.main(ForkedBooter.java:418)
]]>
    </error>
    <system-out>
      <![CDATA[Open Browser</br>
Click on Accept Cookie button.</br>
Mouse hovered on About tab.</br>
Click on the Partners menu under the About tab successfully.</br>
Click on the Become a Partner button under the banner section successfully.</br>
<a href='../test-output/screenshots/finalScreenshot_20260313095518827.png' target='new'><img src='../test-output/screenshots/finalScreenshot_20260313095518827.png' width='200' height='100'/></a></br>
<Strong><b>Sisense Testing is failed.</b></font></strong></br>]]>
    </system-out>
  </testcase> <!-- verifyFillFormBecomeaPartnerFunctionality -->
  <testcase classname="com.sisense.about.PartnersTest" name="verifyTermsOfServicePageTitleUnderFormSection" time="25.147">
    <system-out>
      <![CDATA[Open Browser</br>
Click on Accept Cookie button.</br>
Mouse hovered on About tab.</br>
Click on the Partners menu under the About tab successfully.</br>
Click on the Terms of Service link under the form section.</br>
Terms of Service page title matched successfully.</br>
<Strong><b>Sisense Testing is passed.</b></font></strong></br>]]>
    </system-out>
  </testcase> <!-- verifyTermsOfServicePageTitleUnderFormSection -->
  <testcase classname="com.sisense.about.PartnersTest" name="verifyHomeBreadcrumbTitleUnderPartnersPage" time="23.376">
    <system-out>
      <![CDATA[Open Browser</br>
Click on Accept Cookie button.</br>
Mouse hovered on About tab.</br>
Click on the Partners menu under the About tab successfully.</br>
Click on Home breadcrumb.</br>
Sisense Home Page title matched successfully.</br>
<Strong><b>Sisense Testing is passed.</b></font></strong></br>]]>
    </system-out>
  </testcase> <!-- verifyHomeBreadcrumbTitleUnderPartnersPage -->
  <testcase classname="com.sisense.about.PartnersTest" name="verifyBookaliveDemoPageTitleUnderFooterSection" time="23.371">
    <system-out>
      <![CDATA[Open Browser</br>
Click on Accept Cookie button.</br>
Mouse hovered on About tab.</br>
Click on the Partners menu under the About tab successfully.</br>
Scroll to Footer section.</br>
Click on Book a Live Demo button under Footer successfully.</br>
Sisense Demo page title matched successfully.</br>
<Strong><b>Sisense Testing is passed.</b></font></strong></br>]]>
    </system-out>
  </testcase> <!-- verifyBookaliveDemoPageTitleUnderFooterSection -->
  <testcase classname="com.sisense.about.PartnersTest" name="verifyViewAllPartnersPageTitleUnderBannerSection" time="23.108">
    <system-out>
      <![CDATA[Open Browser</br>
Click on Accept Cookie button.</br>
Mouse hovered on About tab.</br>
Click on the Partners menu under the About tab successfully.</br>
Click on the View All Partners button under the banner.</br>
Sisense View All Partners page title matched successfully.</br>
<Strong><b>Sisense Testing is passed.</b></font></strong></br>]]>
    </system-out>
  </testcase> <!-- verifyViewAllPartnersPageTitleUnderBannerSection -->
  <system-out>
    <![CDATA[Open Browser</br>
Click on Accept Cookie button.</br>
Click on the About tab.</br>
Click on Home breadcrumb.</br>
Sisense Home Page title matched successfully.</br>
<Strong><b>Sisense Testing is passed.</b></font></strong></br>
Open Browser</br>
Click on Accept Cookie button.</br>
Click on the About tab.</br>
Click on Explore Careers at Sisense button under Our Culture and Careers section successfully.</br>
Careers Page Title matched successfully.</br>
<Strong><b>Sisense Testing is passed.</b></font></strong></br>
Open Browser</br>
Click on Accept Cookie button.</br>
Click on the About tab.</br>
Click on About Our Investors link under Our Investors section successfully.</br>
Sisense About Our Investors page title matched successfully.</br>
<Strong><b>Sisense Testing is passed.</b></font></strong></br>
Open Browser</br>
Click on Accept Cookie button.</br>
Click on the About tab.</br>
Click on the Demo button.</br>
Page title: Request a Demo - See Sisense Transform Your Data Analytics</br>
Url : https://www.sisense.com/demo/</br>
Sisense Demo page title matched successfully.</br>
<Strong><b>Sisense Testing is passed.</b></font></strong></br>
Open Browser</br>
Click on Accept Cookie button.</br>
Click on the About tab.</br>
Scroll to Footer section.</br>
Click on Book a Live Demo button under Footer successfully.</br>
Sisense Demo page title matched successfully.</br>
<Strong><b>Sisense Testing is passed.</b></font></strong></br>
Open Browser</br>
Click on Accept Cookie button.</br>
Mouse hovered on About tab.</br>
Click on Company Menu under About tab successfully.</br>
Sisense About page title matched successfully.</br>
<Strong><b>Sisense Testing is passed.</b></font></strong></br>
Open Browser</br>
Click on Accept Cookie button.</br>
Mouse hovered on About tab.</br>
Click on Company Menu under About tab successfully.</br>
Click on Home breadcrumb.</br>
Sisense Home Page title matched successfully.</br>
<Strong><b>Sisense Testing is passed.</b></font></strong></br>
Open Browser</br>
Click on Accept Cookie button.</br>
Mouse hovered on About tab.</br>
Click on Company Menu under About tab successfully.</br>
Click on Explore Careers at Sisense button under Our Culture and Careers section successfully.</br>
Careers Page Title matched successfully.</br>
<Strong><b>Sisense Testing is passed.</b></font></strong></br>
Open Browser</br>
Click on Accept Cookie button.</br>
Mouse hovered on About tab.</br>
Click on Company Menu under About tab successfully.</br>
Click on About Our Investors link under Our Investors section successfully.</br>
Sisense About Our Investors page title matched successfully.</br>
<Strong><b>Sisense Testing is passed.</b></font></strong></br>
Open Browser</br>
Click on Accept Cookie button.</br>
Mouse hovered on About tab.</br>
Click on Company Menu under About tab successfully.</br>
Click on the Demo button.</br>
Page title: Request a Demo - See Sisense Transform Your Data Analytics</br>
Url : https://www.sisense.com/demo/</br>
Sisense Demo page title matched successfully.</br>
<Strong><b>Sisense Testing is passed.</b></font></strong></br>
Open Browser</br>
Click on Accept Cookie button.</br>
Mouse hovered on About tab.</br>
Click on Company Menu under About tab successfully.</br>
Scroll to Footer section.</br>
Click on Book a Live Demo button under Footer successfully.</br>
Sisense Demo page title matched successfully.</br>
<Strong><b>Sisense Testing is passed.</b></font></strong></br>
Open Browser</br>
Click on Accept Cookie button.</br>
Mouse hovered on About tab.</br>
Click on the Partners menu under the About tab successfully.</br>
Sisense Partners page title matched successfully.</br>
<Strong><b>Sisense Testing is passed.</b></font></strong></br>
Open Browser</br>
Click on Accept Cookie button.</br>
Mouse hovered on About tab.</br>
Click on the Partners menu under the About tab successfully.</br>
Click on Home breadcrumb.</br>
Sisense Home Page title matched successfully.</br>
<Strong><b>Sisense Testing is passed.</b></font></strong></br>
Open Browser</br>
Click on Accept Cookie button.</br>
Mouse hovered on About tab.</br>
Click on the Partners menu under the About tab successfully.</br>
Click on the Become a Partner button under the banner section successfully.</br>
<a href='../test-output/screenshots/finalScreenshot_20260313095518827.png' target='new'><img src='../test-output/screenshots/finalScreenshot_20260313095518827.png' width='200' height='100'/></a></br>
<Strong><b>Sisense Testing is failed.</b></font></strong></br>
Open Browser</br>
Click on Accept Cookie button.</br>
Mouse hovered on About tab.</br>
Click on the Partners menu under the About tab successfully.</br>
Click on the View All Partners button under the banner.</br>
Sisense View All Partners page title matched successfully.</br>
<Strong><b>Sisense Testing is passed.</b></font></strong></br>
Open Browser</br>
Click on Accept Cookie button.</br>
Mouse hovered on About tab.</br>
Click on the Partners menu under the About tab successfully.</br>
Scroll to the Email label under the footer.</br>
Input Email ID: madhavi.sriramaneni@kiwiqa.com</br>
Input First Name : Madhavi</br>
Input Last Name : Sriramaneni</br>
Input Company Name : KiwiQA</br>
Click on Sign Up Button under Form successfully.</br>
Footer form was submitted successfully.</br>
<Strong><b>Sisense Testing is passed.</b></font></strong></br>
Open Browser</br>
Click on Accept Cookie button.</br>
Mouse hovered on About tab.</br>
Click on the Partners menu under the About tab successfully.</br>
Click on the Privacy Policy link under the form section.</br>
Privacy Policy page title matched successfully.</br>
<Strong><b>Sisense Testing is passed.</b></font></strong></br>
Open Browser</br>
Click on Accept Cookie button.</br>
Mouse hovered on About tab.</br>
Click on the Partners menu under the About tab successfully.</br>
Click on the Terms of Service link under the form section.</br>
Terms of Service page title matched successfully.</br>
<Strong><b>Sisense Testing is passed.</b></font></strong></br>
Open Browser</br>
Click on Accept Cookie button.</br>
Mouse hovered on About tab.</br>
Click on the Partners menu under the About tab successfully.</br>
Click on the Demo button.</br>
Page title: Request a Demo - See Sisense Transform Your Data Analytics</br>
Url : https://www.sisense.com/demo/</br>
Sisense Demo page title matched successfully.</br>
<Strong><b>Sisense Testing is passed.</b></font></strong></br>
Open Browser</br>
Click on Accept Cookie button.</br>
Mouse hovered on About tab.</br>
Click on the Partners menu under the About tab successfully.</br>
Scroll to Footer section.</br>
Click on Book a Live Demo button under Footer successfully.</br>
Sisense Demo page title matched successfully.</br>
<Strong><b>Sisense Testing is passed.</b></font></strong></br>
Open Browser</br>
Click on Accept Cookie button.</br>
Mouse hovered on About tab.</br>
Click on Newsroom menu successfully.</br>
Sisense Newsroom Page Title matched successfully.</br>
<Strong><b>Sisense Testing is passed.</b></font></strong></br>
Open Browser</br>
Click on Accept Cookie button.</br>
Mouse hovered on About tab.</br>
Click on Newsroom menu successfully.</br>
Click on Home breadcrumb.</br>
Sisense Home Page title matched successfully.</br>
<Strong><b>Sisense Testing is passed.</b></font></strong></br>
Open Browser</br>
Click on Accept Cookie button.</br>
Mouse hovered on About tab.</br>
Click on Newsroom menu successfully.</br>
Scroll to Email label.</br>
Input Email ID: madhavi.sriramaneni@kiwiqa.com</br>
Input First Name : Madhavi</br>
Input Last Name : Sriramaneni</br>
Input Company Name : KiwiQA</br>
Click on Sign Up Button under Form successfully.</br>
Form submitted successfully.</br>
<Strong><b>Sisense Testing is passed.</b></font></strong></br>
Open Browser</br>
Click on Accept Cookie button.</br>
Mouse hovered on About tab.</br>
Click on Newsroom menu successfully.</br>
Click on Privacy Policy link.</br>
Privacy Policy Page Title matched successfully.</br>
<Strong><b>Sisense Testing is passed.</b></font></strong></br>
Open Browser</br>
Click on Accept Cookie button.</br>
Mouse hovered on About tab.</br>
Click on Newsroom menu successfully.</br>
Click on Terms of Service link.</br>
Terms of Service Page Title matched successfully.</br>
<Strong><b>Sisense Testing is passed.</b></font></strong></br>
Open Browser</br>
Click on Accept Cookie button.</br>
Mouse hovered on About tab.</br>
Click on Newsroom menu successfully.</br>
Click on the Demo button.</br>
Page title: Request a Demo - See Sisense Transform Your Data Analytics</br>
Url : https://www.sisense.com/demo/</br>
Sisense Demo page title matched successfully.</br>
<Strong><b>Sisense Testing is passed.</b></font></strong></br>
Open Browser</br>
Click on Accept Cookie button.</br>
Mouse hovered on About tab.</br>
Click on Newsroom menu successfully.</br>
Scroll to Footer section.</br>
Click on Book a Live Demo button under Footer successfully.</br>
Sisense Demo page title matched successfully.</br>
<Strong><b>Sisense Testing is passed.</b></font></strong></br>
Open Browser</br>
Click on Accept Cookie button.</br>
Mouse hovered on About tab.</br>
Click on Newsroom menu successfully.</br>
Click on Press Releases link successfully.</br>
Sisense Newsroom Page Title matched successfully.</br>
<Strong><b>Sisense Testing is passed.</b></font></strong></br>
Open Browser</br>
Click on Accept Cookie button.</br>
Mouse hovered on About tab.</br>
Click on Newsroom menu successfully.</br>
Click on Press Releases link successfully.</br>
Click on Home breadcrumb.</br>
Sisense Home Page title matched successfully.</br>
<Strong><b>Sisense Testing is passed.</b></font></strong></br>
Open Browser</br>
Click on Accept Cookie button.</br>
Mouse hovered on About tab.</br>
Click on Newsroom menu successfully.</br>
Click on Press Releases link successfully.</br>
Scroll to Email label.</br>
Input Email ID: madhavi.sriramaneni@kiwiqa.com</br>
Input First Name : Madhavi</br>
Input Last Name : Sriramaneni</br>
Input Company Name : KiwiQA</br>
Click on Sign Up Button under Form successfully.</br>
Form submitted successfully.</br>
<Strong><b>Sisense Testing is passed.</b></font></strong></br>
Open Browser</br>
Click on Accept Cookie button.</br>
Mouse hovered on About tab.</br>
Click on Newsroom menu successfully.</br>
Click on Press Releases link successfully.</br>
Click on Privacy Policy link.</br>
Privacy Policy Page Title matched successfully.</br>
<Strong><b>Sisense Testing is passed.</b></font></strong></br>
Open Browser</br>
Click on Accept Cookie button.</br>
Mouse hovered on About tab.</br>
Click on Newsroom menu successfully.</br>
Click on Press Releases link successfully.</br>
Click on Terms of Service link.</br>
Terms of Service Page Title matched successfully.</br>
<Strong><b>Sisense Testing is passed.</b></font></strong></br>
Open Browser</br>
Click on Accept Cookie button.</br>
Mouse hovered on About tab.</br>
Click on Newsroom menu successfully.</br>
Click on Press Releases link successfully.</br>
Click on the Demo button.</br>
Page title: Request a Demo - See Sisense Transform Your Data Analytics</br>
Url : https://www.sisense.com/demo/</br>
Sisense Demo page title matched successfully.</br>
<Strong><b>Sisense Testing is passed.</b></font></strong></br>
Open Browser</br>
Click on Accept Cookie button.</br>
Mouse hovered on About tab.</br>
Click on Newsroom menu successfully.</br>
Click on Press Releases link successfully.</br>
Scroll to Footer section.</br>
Click on Book a Live Demo button under Footer successfully.</br>
Sisense Demo page title matched successfully.</br>
<Strong><b>Sisense Testing is passed.</b></font></strong></br>]]>
  </system-out>
</testsuite> <!-- com.sisense.about.PartnersTest -->
