<?xml version="1.0" encoding="UTF-8"?>
<!-- Generated by org.testng.reporters.JUnitReportReporter -->
<testsuite hostname="Renil_Lakhani" failures="0" tests="11" name="com.sisense.footer.BrandPortalTest" time="639.307" errors="0" timestamp="2026-03-03T13:27:10 IST" skipped="0">
  <testcase classname="com.sisense.footer.BrandPortalTest" name="verifyDemoPageTitleUnderHeaderSection" time="39.785">
    <system-out>
      <![CDATA[Open Browser</br>
Click on Accept Cookie button.</br>
Scroll to Footer section.</br>
Click on Brand Portal link under Footer successfully.</br>
Click on the Demo button.</br>
Page title: Request a Demo - See Sisense Transform Your Data Analytics</br>
Url : https://www.sisense.com/demo/</br>
Sisense Demo page title matched successfully.</br>
<Strong><b>Sisense Testing is passed.</b></font></strong></br>]]>
    </system-out>
  </testcase> <!-- verifyDemoPageTitleUnderHeaderSection -->
  <testcase classname="com.sisense.footer.BrandPortalTest" name="verifyDownloadGoogleFontButtonPageTitleUnderDMSansSection" time="48.787">
    <system-out>
      <![CDATA[Open Browser</br>
Click on Accept Cookie button.</br>
Scroll to Footer section.</br>
Click on Brand Portal link under Footer successfully.</br>
Scroll to 'DM Sans' section.</br>
Click on 'Download Google Font' button under DM Sans section.</br>
Google Fonts DM Sans page title matched.</br>
<Strong><b>Sisense Testing is passed.</b></font></strong></br>]]>
    </system-out>
  </testcase> <!-- verifyDownloadGoogleFontButtonPageTitleUnderDMSansSection -->
  <testcase classname="com.sisense.footer.BrandPortalTest" name="verifyLogoAssetsButtonPageTitleUnderWhatCanYouFindHereSection" time="56.947">
    <system-out>
      <![CDATA[Open Browser</br>
Click on Accept Cookie button.</br>
Scroll to Footer section.</br>
Click on Brand Portal link under Footer successfully.</br>
Scroll to 'What Can You Find Here?' section.</br>
Click on 'Logo Assets' button under What Can You Find Here section.</br>
Sisense Footer Brand Portal Page Title matched successfully.</br>
<Strong><b>Sisense Testing is passed.</b></font></strong></br>]]>
    </system-out>
  </testcase> <!-- verifyLogoAssetsButtonPageTitleUnderWhatCanYouFindHereSection -->
  <testcase classname="com.sisense.footer.BrandPortalTest" name="verifyColorsButtonPageTitleUnderWhatCanYouFindHereSection" time="55.544">
    <system-out>
      <![CDATA[Open Browser</br>
Click on Accept Cookie button.</br>
Scroll to Footer section.</br>
Click on Brand Portal link under Footer successfully.</br>
Scroll to 'What Can You Find Here?' section.</br>
Click on 'Colors' button under What Can You Find Here section.</br>
Sisense Footer Brand Portal Page Title matched successfully.</br>
<Strong><b>Sisense Testing is passed.</b></font></strong></br>]]>
    </system-out>
  </testcase> <!-- verifyColorsButtonPageTitleUnderWhatCanYouFindHereSection -->
  <testcase classname="com.sisense.footer.BrandPortalTest" name="verifyDownloadButtonPageTitleUnderSisenseColorPaletteSection" time="90.982">
    <system-out>
      <![CDATA[Open Browser</br>
Click on Accept Cookie button.</br>
Scroll to Footer section.</br>
Click on Brand Portal link under Footer successfully.</br>
Scroll to 'Sisense Color Palette Best Practices' section.</br>
Click on 'Download' button under Sisense Color Palette Best Practices section.</br>
Sisense Color Palette image page title matched.</br>
<Strong><b>Sisense Testing is passed.</b></font></strong></br>]]>
    </system-out>
  </testcase> <!-- verifyDownloadButtonPageTitleUnderSisenseColorPaletteSection -->
  <testcase classname="com.sisense.footer.BrandPortalTest" name="verifyTypographyButtonPageTitleUnderWhatCanYouFindHereSection" time="58.515">
    <system-out>
      <![CDATA[Open Browser</br>
Click on Accept Cookie button.</br>
Scroll to Footer section.</br>
Click on Brand Portal link under Footer successfully.</br>
Scroll to 'What Can You Find Here?' section.</br>
Click on 'Typography' button under What Can You Find Here section.</br>
Sisense Footer Brand Portal Page Title matched successfully.</br>
<Strong><b>Sisense Testing is passed.</b></font></strong></br>]]>
    </system-out>
  </testcase> <!-- verifyTypographyButtonPageTitleUnderWhatCanYouFindHereSection -->
  <testcase classname="com.sisense.footer.BrandPortalTest" name="verifyResourcehubBreadcrumbTitleUnderBrandPortalPage" time="45.332">
    <system-out>
      <![CDATA[Open Browser</br>
Click on Accept Cookie button.</br>
Scroll to Footer section.</br>
Click on Brand Portal link under Footer successfully.</br>
Click on Resource Hub breadcrumb.</br>
Sisense Resources page title matched successfully.</br>
<Strong><b>Sisense Testing is passed.</b></font></strong></br>]]>
    </system-out>
  </testcase> <!-- verifyResourcehubBreadcrumbTitleUnderBrandPortalPage -->
  <testcase classname="com.sisense.footer.BrandPortalTest" name="verifywebAimContrastCheckerPageTitleUnderSisenseTypographySection" time="77.762">
    <system-out>
      <![CDATA[Open Browser</br>
Click on Accept Cookie button.</br>
Scroll to Footer section.</br>
Click on Brand Portal link under Footer successfully.</br>
Scroll to 'Sisense Typography' section.</br>
Click on 'Web AIM Contrast Checker' button.</br>
Web AIM Contrast Checker page title matched.</br>
<Strong><b>Sisense Testing is passed.</b></font></strong></br>]]>
    </system-out>
  </testcase> <!-- verifywebAimContrastCheckerPageTitleUnderSisenseTypographySection -->
  <testcase classname="com.sisense.footer.BrandPortalTest" name="verifyHomeBreadcrumbTitleUnderBrandPortalPage" time="45.280">
    <system-out>
      <![CDATA[Open Browser</br>
Click on Accept Cookie button.</br>
Scroll to Footer section.</br>
Click on Brand Portal link under Footer successfully.</br>
Click on Home breadcrumb.</br>
Sisense Home Page title matched successfully.</br>
<Strong><b>Sisense Testing is passed.</b></font></strong></br>]]>
    </system-out>
  </testcase> <!-- verifyHomeBreadcrumbTitleUnderBrandPortalPage -->
  <testcase classname="com.sisense.footer.BrandPortalTest" name="verifyfirstDownloadGoogleFontButtonPageTitleUnderPoppinsSection" time="56.346">
    <system-out>
      <![CDATA[Open Browser</br>
Click on Accept Cookie button.</br>
Scroll to Footer section.</br>
Click on Brand Portal link under Footer successfully.</br>
Scroll to 'Poppins' section.</br>
Click on 'Download Google Font' button under Poppins section.</br>
Google Fonts Poppins page title matched.</br>
<Strong><b>Sisense Testing is passed.</b></font></strong></br>]]>
    </system-out>
  </testcase> <!-- verifyfirstDownloadGoogleFontButtonPageTitleUnderPoppinsSection -->
  <testcase classname="com.sisense.footer.BrandPortalTest" name="verifyBookaliveDemoPageTitleUnderFooterSection" time="64.027">
    <system-out>
      <![CDATA[Open Browser</br>
Click on Accept Cookie button.</br>
Scroll to Footer section.</br>
Click on Brand Portal link under Footer successfully.</br>
Scroll to Footer section.</br>
Click on Book a Live Demo button under Footer successfully.</br>
Sisense Demo page title matched successfully.</br>
<Strong><b>Sisense Testing is passed.</b></font></strong></br>]]>
    </system-out>
  </testcase> <!-- verifyBookaliveDemoPageTitleUnderFooterSection -->
  <system-out>
    <![CDATA[Open Browser</br>
Click on Accept Cookie button.</br>
Scroll to Footer section.</br>
Click on Cloud link under Footer successfully.</br>
Cloud Page title verified successfully.</br>
<Strong><b>Sisense Testing is passed.</b></font></strong></br>
Open Browser</br>
Click on Accept Cookie button.</br>
Scroll to Footer section.</br>
Click on Compose link under Footer successfully.</br>
Sisense Compose SDK Page Title Matched !!</br>
<Strong><b>Sisense Testing is passed.</b></font></strong></br>
Open Browser</br>
Click on Accept Cookie button.</br>
Scroll to Footer section.</br>
Click on Embeddable link under Footer successfully.</br>
Sisense Embeddable Page Title matched successfully</br>
<Strong><b>Sisense Testing is passed.</b></font></strong></br>
Open Browser</br>
Click on Accept Cookie button.</br>
Scroll to Footer section.</br>
Click on Connectivity link under Footer successfully.</br>
Sisense Connectivity Page title matched successfully</br>
<Strong><b>Sisense Testing is passed.</b></font></strong></br>
Open Browser</br>
Click on Accept Cookie button.</br>
Scroll to Footer section.</br>
Click on Data modeling link under Footer successfully.</br>
Data Modeling Page Title matched successfully.</br>
<Strong><b>Sisense Testing is passed.</b></font></strong></br>
Open Browser</br>
Click on Accept Cookie button.</br>
Scroll to Footer section.</br>
Click on Sisense Intelligence link under Footer successfully.</br>
Sisense Intelligence page title matched successfully.</br>
<Strong><b>Sisense Testing is passed.</b></font></strong></br>
Open Browser</br>
Click on Accept Cookie button.</br>
Scroll to Footer section.</br>
Click on Trust and security link under Footer Platform successfully.</br>
Sisense Footer Trust Center Page Title matched successfully.</br>
<Strong><b>Sisense Testing is passed.</b></font></strong></br>
Open Browser</br>
Click on Accept Cookie button.</br>
Scroll to Footer section.</br>
Click on About link under Footer successfully.</br>
Sisense About page title matched successfully.</br>
<Strong><b>Sisense Testing is passed.</b></font></strong></br>
Open Browser</br>
Click on Accept Cookie button.</br>
Scroll to Footer section.</br>
Click on Customer Stories link under Footer successfully.</br>
Customer Stories Page Title matched successfully.</br>
<Strong><b>Sisense Testing is passed.</b></font></strong></br>
Open Browser</br>
Click on Accept Cookie button.</br>
Scroll to Footer section.</br>
Click on Pricing link under Footer successfully.</br>
<a href='../test-output/screenshots/finalScreenshot_20260303124648515.png' target='new'><img src='../test-output/screenshots/finalScreenshot_20260303124648515.png' width='200' height='100'/></a></br>
<Strong><b>Sisense Testing is failed.</b></font></strong></br>
Open Browser</br>
Click on Accept Cookie button.</br>
Scroll to Footer section.</br>
Click on Newsroom link under Footer successfully.</br>
Sisense Footer Newsroom Page Title matched successfully.</br>
<Strong><b>Sisense Testing is passed.</b></font></strong></br>
Open Browser</br>
Click on Accept Cookie button.</br>
Scroll to Footer section.</br>
Click on Careers link under Footer successfully.</br>
Careers Page Title matched successfully.</br>
<Strong><b>Sisense Testing is passed.</b></font></strong></br>
Open Browser</br>
Click on Accept Cookie button.</br>
Scroll to Footer section.</br>
Click on Trust and Security link under Footer sisense section successfully.</br>
Sisense Footer Trust Center Page Title matched successfully.</br>
<Strong><b>Sisense Testing is passed.</b></font></strong></br>
Open Browser</br>
Click on Accept Cookie button.</br>
Scroll to Footer section.</br>
Click on Awards link under Footer sisense section successfully.</br>
Sisense Footer Awards Page Title matched successfully.</br>
<Strong><b>Sisense Testing is passed.</b></font></strong></br>
Open Browser</br>
Click on Accept Cookie button.</br>
Scroll to Footer section.</br>
Click on Contact Us link under Footer successfully.</br>
Sisense Footer Contact Us Page Title matched successfully.</br>
<Strong><b>Sisense Testing is passed.</b></font></strong></br>
Open Browser</br>
Click on Accept Cookie button.</br>
Scroll to Footer section.</br>
Click on Support Portal link under Footer successfully.</br>
Sisense Footer Support Portal Page Title matched successfully.</br>
<Strong><b>Sisense Testing is passed.</b></font></strong></br>
Open Browser</br>
Click on Accept Cookie button.</br>
Scroll to Footer section.</br>
Click on Documentation link under Footer successfully.</br>
Page title: Documentation</br>
Title is: Documentation</br>
Documentation Page Title matched successfully.</br>
<Strong><b>Sisense Testing is passed.</b></font></strong></br>
Open Browser</br>
Click on Accept Cookie button.</br>
Scroll to Footer section.</br>
Click on Partner Resources link under Footer successfully.</br>
Sisense Footer Partner Resources Page Title matched successfully.</br>
<Strong><b>Sisense Testing is passed.</b></font></strong></br>
Open Browser</br>
Click on Accept Cookie button.</br>
Scroll to Footer section.</br>
Click on Blog link under Footer successfully.</br>
Sisense Footer Blog Page Title matched successfully.</br>
<Strong><b>Sisense Testing is passed.</b></font></strong></br>
Open Browser</br>
Click on Accept Cookie button.</br>
Scroll to Footer section.</br>
Click on Marketplace link under Footer successfully.</br>
Verified Marketplace Page Title successfully.</br>
<Strong><b>Sisense Testing is passed.</b></font></strong></br>
Open Browser</br>
Click on Accept Cookie button.</br>
Scroll to Footer section.</br>
Click on Sisense Academy link under Footer successfully.</br>
Sisense Academy page title under Footer matched successfully.</br>
<Strong><b>Sisense Testing is passed.</b></font></strong></br>
Open Browser</br>
Click on Accept Cookie button.</br>
Scroll to Footer section.</br>
Click on Community link under Footer successfully.</br>
Community Page Title matched successfully.</br>
<Strong><b>Sisense Testing is passed.</b></font></strong></br>
Open Browser</br>
Click on Accept Cookie button.</br>
Scroll to Footer section.</br>
Click on Developer Portal link under Footer successfully.</br>
Sisense Footer Developer Portal Page Title matched successfully.</br>
<Strong><b>Sisense Testing is passed.</b></font></strong></br>
Open Browser</br>
Click on Accept Cookie button.</br>
Scroll to Footer section.</br>
Click on Brand Portal link under Footer successfully.</br>
Sisense Footer Brand Portal Page Title matched successfully.</br>
<Strong><b>Sisense Testing is passed.</b></font></strong></br>
Open Browser</br>
Click on Accept Cookie button.</br>
Scroll to Footer section.</br>
Click on Privacy Policy link under Footer successfully.</br>
Sisense Footer Privacy Policy Page Title matched successfully.</br>
<Strong><b>Sisense Testing is passed.</b></font></strong></br>
Open Browser</br>
Click on Accept Cookie button.</br>
Scroll to Footer section.</br>
Click on Legal link under Footer successfully.</br>
Sisense Footer Legal Page Title matched successfully.</br>
<Strong><b>Sisense Testing is passed.</b></font></strong></br>
Open Browser</br>
Click on Accept Cookie button.</br>
Scroll to Footer section.</br>
Click on Cookie Preferences button.</br>
<a href='../test-output/screenshots/finalScreenshot_20260303125807204.png' target='new'><img src='../test-output/screenshots/finalScreenshot_20260303125807204.png' width='200' height='100'/></a></br>
<Strong><b>Sisense Testing is failed.</b></font></strong></br>
Open Browser</br>
Click on Accept Cookie button.</br>
Scroll to Footer section.</br>
Click on Cookie Preferences button.</br>
<a href='../test-output/screenshots/finalScreenshot_20260303125950454.png' target='new'><img src='../test-output/screenshots/finalScreenshot_20260303125950454.png' width='200' height='100'/></a></br>
<Strong><b>Sisense Testing is failed.</b></font></strong></br>
Open Browser</br>
Click on Accept Cookie button.</br>
Scroll to Footer section.</br>
Click on Cookie Preferences button.</br>
<a href='../test-output/screenshots/finalScreenshot_20260303130153779.png' target='new'><img src='../test-output/screenshots/finalScreenshot_20260303130153779.png' width='200' height='100'/></a></br>
<Strong><b>Sisense Testing is failed.</b></font></strong></br>
Open Browser</br>
Click on Accept Cookie button.</br>
Scroll to Footer section.</br>
Click on Cookie Preferences button.</br>
<a href='../test-output/screenshots/finalScreenshot_20260303130330519.png' target='new'><img src='../test-output/screenshots/finalScreenshot_20260303130330519.png' width='200' height='100'/></a></br>
<Strong><b>Sisense Testing is failed.</b></font></strong></br>
Open Browser</br>
Click on Accept Cookie button.</br>
Scroll to Footer section.</br>
Click on Book a Live Demo button under Footer successfully.</br>
Sisense Demo page title matched successfully.</br>
<Strong><b>Sisense Testing is passed.</b></font></strong></br>
Open Browser</br>
Click on Accept Cookie button.</br>
Scroll to Footer section.</br>
Click on Twitter link under Footer successfully.</br>
Page title: Privacy error</br>
<a href='../test-output/screenshots/finalScreenshot_2026030313045862.png' target='new'><img src='../test-output/screenshots/finalScreenshot_2026030313045862.png' width='200' height='100'/></a></br>
<Strong><b>Sisense Testing is failed.</b></font></strong></br>
Open Browser</br>
Click on Accept Cookie button.</br>
Scroll to Footer section.</br>
Click on LinkedIn link under Footer successfully.</br>
Page title: Privacy error</br>
<a href='../test-output/screenshots/finalScreenshot_20260303130533961.png' target='new'><img src='../test-output/screenshots/finalScreenshot_20260303130533961.png' width='200' height='100'/></a></br>
<Strong><b>Sisense Testing is failed.</b></font></strong></br>
Open Browser</br>
Click on Accept Cookie button.</br>
Scroll to Footer section.</br>
Click on GitHub link under Footer successfully.</br>
Page title: Sisense · GitHub</br>
Sisense Footer GitHub page title matched successfully.</br>
<Strong><b>Sisense Testing is passed.</b></font></strong></br>
Open Browser</br>
Click on Accept Cookie button.</br>
Scroll to Footer section.</br>
Click on Privacy Policy link under Social Media section successfully.</br>
Sisense Footer Privacy Policy page title matched successfully under Social Media section.</br>
<Strong><b>Sisense Testing is passed.</b></font></strong></br>
Open Browser</br>
Click on Accept Cookie button.</br>
Scroll to Footer section.</br>
Click on Legal link under Social Media section successfully.</br>
Sisense Footer Legal page title matched successfully under Social Media section.</br>
<Strong><b>Sisense Testing is passed.</b></font></strong></br>
Open Browser</br>
Click on Accept Cookie button.</br>
Scroll to Footer section.</br>
Click on Brand Portal link under Footer successfully.</br>
Click on Home breadcrumb.</br>
Sisense Home Page title matched successfully.</br>
<Strong><b>Sisense Testing is passed.</b></font></strong></br>
Open Browser</br>
Click on Accept Cookie button.</br>
Scroll to Footer section.</br>
Click on Brand Portal link under Footer successfully.</br>
Click on Resource Hub breadcrumb.</br>
Sisense Resources page title matched successfully.</br>
<Strong><b>Sisense Testing is passed.</b></font></strong></br>
Open Browser</br>
Click on Accept Cookie button.</br>
Scroll to Footer section.</br>
Click on Brand Portal link under Footer successfully.</br>
Click on the Demo button.</br>
Page title: Request a Demo - See Sisense Transform Your Data Analytics</br>
Url : https://www.sisense.com/demo/</br>
Sisense Demo page title matched successfully.</br>
<Strong><b>Sisense Testing is passed.</b></font></strong></br>
Open Browser</br>
Click on Accept Cookie button.</br>
Scroll to Footer section.</br>
Click on Brand Portal link under Footer successfully.</br>
Scroll to 'Sisense Typography' section.</br>
Click on 'Web AIM Contrast Checker' button.</br>
Web AIM Contrast Checker page title matched.</br>
<Strong><b>Sisense Testing is passed.</b></font></strong></br>
Open Browser</br>
Click on Accept Cookie button.</br>
Scroll to Footer section.</br>
Click on Brand Portal link under Footer successfully.</br>
Scroll to Footer section.</br>
Click on Book a Live Demo button under Footer successfully.</br>
Sisense Demo page title matched successfully.</br>
<Strong><b>Sisense Testing is passed.</b></font></strong></br>
Open Browser</br>
Click on Accept Cookie button.</br>
Scroll to Footer section.</br>
Click on Brand Portal link under Footer successfully.</br>
Scroll to 'Poppins' section.</br>
Click on 'Download Google Font' button under Poppins section.</br>
Google Fonts Poppins page title matched.</br>
<Strong><b>Sisense Testing is passed.</b></font></strong></br>
Open Browser</br>
Click on Accept Cookie button.</br>
Scroll to Footer section.</br>
Click on Brand Portal link under Footer successfully.</br>
Scroll to 'DM Sans' section.</br>
Click on 'Download Google Font' button under DM Sans section.</br>
Google Fonts DM Sans page title matched.</br>
<Strong><b>Sisense Testing is passed.</b></font></strong></br>
Open Browser</br>
Click on Accept Cookie button.</br>
Scroll to Footer section.</br>
Click on Brand Portal link under Footer successfully.</br>
Scroll to 'Sisense Color Palette Best Practices' section.</br>
Click on 'Download' button under Sisense Color Palette Best Practices section.</br>
Sisense Color Palette image page title matched.</br>
<Strong><b>Sisense Testing is passed.</b></font></strong></br>
Open Browser</br>
Click on Accept Cookie button.</br>
Scroll to Footer section.</br>
Click on Brand Portal link under Footer successfully.</br>
Scroll to 'What Can You Find Here?' section.</br>
Click on 'Logo Assets' button under What Can You Find Here section.</br>
Sisense Footer Brand Portal Page Title matched successfully.</br>
<Strong><b>Sisense Testing is passed.</b></font></strong></br>
Open Browser</br>
Click on Accept Cookie button.</br>
Scroll to Footer section.</br>
Click on Brand Portal link under Footer successfully.</br>
Scroll to 'What Can You Find Here?' section.</br>
Click on 'Colors' button under What Can You Find Here section.</br>
Sisense Footer Brand Portal Page Title matched successfully.</br>
<Strong><b>Sisense Testing is passed.</b></font></strong></br>
Open Browser</br>
Click on Accept Cookie button.</br>
Scroll to Footer section.</br>
Click on Brand Portal link under Footer successfully.</br>
Scroll to 'What Can You Find Here?' section.</br>
Click on 'Typography' button under What Can You Find Here section.</br>
Sisense Footer Brand Portal Page Title matched successfully.</br>
<Strong><b>Sisense Testing is passed.</b></font></strong></br>
Open Browser</br>
Click on Accept Cookie button.</br>
Scroll to Footer section.</br>
Click on Careers Link under Footer successfully.</br>
Careers Page Title matched successfully.</br>
<Strong><b>Sisense Testing is passed.</b></font></strong></br>
Open Browser</br>
Click on Accept Cookie button.</br>
Scroll to Footer section.</br>
Click on Careers Link under Footer successfully.</br>
Click on Home breadcrumb.</br>
Sisense Home Page title matched successfully.</br>
<Strong><b>Sisense Testing is passed.</b></font></strong></br>
Open Browser</br>
Click on Accept Cookie button.</br>
Scroll to Footer section.</br>
Click on Careers Link under Footer successfully.</br>
Click on About breadcrumb.</br>
Sisense About page title matched successfully.</br>
<Strong><b>Sisense Testing is passed.</b></font></strong></br>
Open Browser</br>
Click on Accept Cookie button.</br>
Scroll to Footer section.</br>
Click on Careers Link under Footer successfully.</br>
Clicking on 'View all open roles' button under Header.</br>
Click on 'View all open roles' button under Header successfully.</br>
Sisense View All Open Roles Page Title matched successfully.</br>
<Strong><b>Sisense Testing is passed.</b></font></strong></br>
Open Browser</br>
Click on Accept Cookie button.</br>
Scroll to Footer section.</br>
Click on Careers Link under Footer successfully.</br>
Scroll to the 'Awards and recognition' section successfully.</br>
Click on 'Great Place to Work' link under Awards and Recognition section successfully.</br>
Sisense Great Place to Work Page Title matched successfully.</br>
<Strong><b>Sisense Testing is passed.</b></font></strong></br>
Open Browser</br>
Click on Accept Cookie button.</br>
Scroll to Footer section.</br>
Click on Careers Link under Footer successfully.</br>
Scroll to the 'Awards and recognition' section successfully.</br>
Click on 'Comparably' link under Awards and Recognition section successfully.</br>
Comparably page opened successfully.</br>
Sisense Comparably Page Title matched successfully.</br>
<Strong><b>Sisense Testing is passed.</b></font></strong></br>
Open Browser</br>
Click on Accept Cookie button.</br>
Scroll to Footer section.</br>
Click on Careers Link under Footer successfully.</br>
Switched to iframe</br>
Scroll to search heading</br>
Scroll to the 'Current Openings at Sisense' section successfully.</br>
Click on department input</br>
Dropdown options found: 2</br>
Close department input After Count size</br>
Click on department input (loop iteration 1)</br>
Selected department option: Product Engineering</br>
Search result displayed: Product Engineering</br>
âœ… Department matched for: Product Engineering</br>
Cleared selected department</br>
Click on department input (loop iteration 2)</br>
Selected department option: Sales</br>
Search result displayed: Sales</br>
âœ… Department matched for: Sales</br>
Cleared selected department</br>
<Strong><b>Sisense Testing is passed.</b></font></strong></br>
Open Browser</br>
Click on Accept Cookie button.</br>
Scroll to Footer section.</br>
Click on Careers Link under Footer successfully.</br>
Scroll to the 'Current Openings at Sisense' section successfully.</br>
Click on the 'Create Alert' link under the Current Openings at Sisense section successfully.</br>
Create Alert page title matched successfully.</br>
<Strong><b>Sisense Testing is passed.</b></font></strong></br>
Open Browser</br>
Click on Accept Cookie button.</br>
Scroll to Footer section.</br>
Click on Careers Link under Footer successfully.</br>
Click on the Demo button.</br>
Page title: Request a Demo - See Sisense Transform Your Data Analytics</br>
Url : https://www.sisense.com/demo/</br>
Sisense Demo page title matched successfully.</br>
<Strong><b>Sisense Testing is passed.</b></font></strong></br>
Open Browser</br>
Click on Accept Cookie button.</br>
Scroll to Footer section.</br>
Click on Careers Link under Footer successfully.</br>
Scroll to Footer section.</br>
Click on Book a Live Demo button under Footer successfully.</br>
Sisense Demo page title matched successfully.</br>
<Strong><b>Sisense Testing is passed.</b></font></strong></br>]]>
  </system-out>
</testsuite> <!-- com.sisense.footer.BrandPortalTest -->
