<?xml version="1.0" encoding="UTF-8"?>
<!-- Generated by org.testng.reporters.JUnitXMLReporter -->
<testsuite ignored="12" hostname="Janki_Patel" failures="1" tests="34" name="Sisense Testing" time="871.195" errors="0" timestamp="2026-03-13T10:03:37 IST">
  <testcase classname="com.sisense.about.AboutTest" name="verifyHomeBreadcrumbTitleUnderAboutPage" time="18.882"/>
  <testcase classname="com.sisense.about.AboutTest" name="verifyExploreCareersAtSisensePageTitleUnderOurCultureAndCareersSection" time="22.785"/>
  <testcase classname="com.sisense.about.AboutTest" name="verifyAboutOurInvestorsPageTitleUnderOurInvestorsSection" time="21.251"/>
  <testcase classname="com.sisense.about.AboutTest" name="verifyDemoPageTitleUnderHeaderSection" time="21.203"/>
  <testcase classname="com.sisense.about.AboutTest" name="verifyBookaliveDemoPageTitleUnderFooterSection" time="21.271"/>
  <testcase classname="com.sisense.about.CompanyTest" name="verifyCompanyPageTitleUnderAboutTab" time="19.053"/>
  <testcase classname="com.sisense.about.CompanyTest" name="verifyHomeBreadcrumbTitleUnderCompanyPage" time="19.667"/>
  <testcase classname="com.sisense.about.CompanyTest" name="verifyExplorecareersatSisensePageTitleUnderOurCultureAndCareersSection" time="22.83"/>
  <testcase classname="com.sisense.about.CompanyTest" name="verifyAboutOurInvestorsLinkPageTitleUnderOurInvestorsSection" time="22.529"/>
  <testcase classname="com.sisense.about.CompanyTest" name="verifyDemoPageTitleUnderHeaderSection" time="20.238"/>
  <testcase classname="com.sisense.about.CompanyTest" name="verifyBookaliveDemoPageTitleUnderFooterSection" time="19.959"/>
  <testcase classname="com.sisense.about.PartnersTest" name="verifyPartnersPageTitleUnderAboutTab" time="19.767"/>
  <testcase classname="com.sisense.about.PartnersTest" name="verifyHomeBreadcrumbTitleUnderPartnersPage" time="19.985"/>
  <testcase classname="com.sisense.about.PartnersTest" name="verifyFillFormBecomeaPartnerFunctionality" time="49.222">
    <failure type="org.openqa.selenium.TimeoutException" message="Expected condition failed: waiting for visibility of [[ChromeDriver: chrome on windows (71726e332772964a95c93da801b7cb2a)] -&amp;gt; xpath: //h2[text()=&amp;apos;Become a Partner&amp;apos;]//following::input[@id=&amp;apos;Email&amp;apos;]] (tried for 30 second(s) with 500 milliseconds interval)
Build info: version: &amp;apos;4.18.1&amp;apos;, revision: &amp;apos;b1d3319b48&amp;apos;
System info: os.name: &amp;apos;Windows 11&amp;apos;, os.arch: &amp;apos;amd64&amp;apos;, os.version: &amp;apos;10.0&amp;apos;, java.version: &amp;apos;21.0.1&amp;apos;
Driver info: org.openqa.selenium.chrome.ChromeDriver
Capabilities {acceptInsecureCerts: false, browserName: chrome, browserVersion: 145.0.7632.160, chrome: {chromedriverVersion: 145.0.7632.117 (de4e5d6e13b..., userDataDir: C:\Users\JANKI\AppData\Loca...}, fedcm:accounts: true, goog:chromeOptions: {debuggerAddress: localhost:50928}, goog:processID: 53176, networkConnectionEnabled: false, pageLoadStrategy: normal, platformName: windows, proxy: Proxy(), se:cdp: ws://localhost:50928/devtoo..., se:cdpVersion: 145.0.7632.160, setWindowRect: true, strictFileInteractability: false, timeouts: {implicit: 0, pageLoad: 300000, script: 30000}, unhandledPromptBehavior: ignore, webauthn:extension:credBlob: true, webauthn:extension:largeBlob: true, webauthn:extension:minPinLength: true, webauthn:extension:prf: true, webauthn:virtualAuthenticators: true}
Session ID: 71726e332772964a95c93da801b7cb2a">
      <![CDATA[org.openqa.selenium.TimeoutException: Expected condition failed: waiting for visibility of [[ChromeDriver: chrome on windows (71726e332772964a95c93da801b7cb2a)] -> xpath: //h2[text()='Become a Partner']//following::input[@id='Email']] (tried for 30 second(s) with 500 milliseconds interval)
Build info: version: '4.18.1', revision: 'b1d3319b48'
System info: os.name: 'Windows 11', os.arch: 'amd64', os.version: '10.0', java.version: '21.0.1'
Driver info: org.openqa.selenium.chrome.ChromeDriver
Capabilities {acceptInsecureCerts: false, browserName: chrome, browserVersion: 145.0.7632.160, chrome: {chromedriverVersion: 145.0.7632.117 (de4e5d6e13b..., userDataDir: C:\Users\JANKI\AppData\Loca...}, fedcm:accounts: true, goog:chromeOptions: {debuggerAddress: localhost:50928}, goog:processID: 53176, networkConnectionEnabled: false, pageLoadStrategy: normal, platformName: windows, proxy: Proxy(), se:cdp: ws://localhost:50928/devtoo..., se:cdpVersion: 145.0.7632.160, setWindowRect: true, strictFileInteractability: false, timeouts: {implicit: 0, pageLoad: 300000, script: 30000}, unhandledPromptBehavior: ignore, webauthn:extension:credBlob: true, webauthn:extension:largeBlob: true, webauthn:extension:minPinLength: true, webauthn:extension:prf: true, webauthn:virtualAuthenticators: true}
Session ID: 71726e332772964a95c93da801b7cb2a
at org.openqa.selenium.support.ui.WebDriverWait.timeoutException(WebDriverWait.java:84)
at org.openqa.selenium.support.ui.FluentWait.until(FluentWait.java:228)
at com.kfast.init.Common.waitForElementToBeVisible(Common.java:912)
at com.sisense.about.PartnersPage.fillUpBecomeAPartnerForm(PartnersPage.java:117)
at com.sisense.about.PartnersTest.verifyFillFormBecomeaPartnerFunctionality(PartnersTest.java:25)
at java.base/java.util.ArrayList.forEach(ArrayList.java:1596)
... Removed 29 stack frames]]>
    </failure>
  </testcase> <!-- verifyFillFormBecomeaPartnerFunctionality -->
  <testcase classname="com.sisense.about.PartnersTest" name="verifyViewAllPartnersPageTitleUnderBannerSection" time="20.022"/>
  <testcase classname="com.sisense.about.PartnersTest" name="verifyFillFormFunctionality" time="21.383"/>
  <testcase classname="com.sisense.about.PartnersTest" name="verifyPrivacyPolicyPageTitleUnderFormSection" time="24.223"/>
  <testcase classname="com.sisense.about.PartnersTest" name="verifyTermsOfServicePageTitleUnderFormSection" time="22.146"/>
  <testcase classname="com.sisense.about.PartnersTest" name="verifyDemoPageTitleUnderHeaderSection" time="19.674"/>
  <testcase classname="com.sisense.about.PartnersTest" name="verifyBookaliveDemoPageTitleUnderFooterSection" time="20.674"/>
  <testcase classname="com.sisense.about.NewsroomTest" name="verifyNewsroomPageTitleUnderAboutTab" time="19.99"/>
  <testcase classname="com.sisense.about.NewsroomTest" name="verifyHomeBreadcrumbTitleUnderNewsroomPage" time="21.158"/>
  <testcase classname="com.sisense.about.NewsroomTest" name="verifyFillFormFunctionality" time="22.679"/>
  <testcase classname="com.sisense.about.NewsroomTest" name="verifyPrivacyPolicyPageTitleUnderForm" time="22.484"/>
  <testcase classname="com.sisense.about.NewsroomTest" name="verifyTermsOfServicePageTitleUnderAboutTab" time="22.176"/>
  <testcase classname="com.sisense.about.NewsroomTest" name="verifyDemoPageTitleUnderHeaderSection" time="20.075"/>
  <testcase classname="com.sisense.about.NewsroomTest" name="verifyBookaliveDemoPageTitleUnderFooterSection" time="20.522"/>
  <testcase classname="com.sisense.about.NewsroomTest" name="verifyPressReleasesPageTitleUnderNewsroomPage" time="21.365"/>
  <testcase classname="com.sisense.about.NewsroomTest" name="verifyPressReleasesHomeBreadcrumbTitleUnderPressReleasesPage" time="20.928"/>
  <testcase classname="com.sisense.about.NewsroomTest" name="verifyPressReleasesFillFormFunctionality" time="23.301"/>
  <testcase classname="com.sisense.about.NewsroomTest" name="verifyPressReleasesPrivacyPolicyPageTitleUnderFormSection" time="23.945"/>
  <testcase classname="com.sisense.about.NewsroomTest" name="verifyPressReleasesTermsOfServicePageTitleUnderFormSection" time="24.749"/>
  <testcase classname="com.sisense.about.NewsroomTest" name="verifyPressReleasesDemoPageTitleUnderHeaderSection" time="20.978"/>
  <testcase classname="com.sisense.about.NewsroomTest" name="verifyPressReleasesBookaliveDemoPageTitleUnderFooterSection" time="21.389"/>
  <testcase classname="com.sisense.about.AboutTest" name="verifyExploreOpenPositionsPageTitleUnderOurValuesSection" time="0.0">
    <ignored/>
  </testcase> <!-- verifyExploreOpenPositionsPageTitleUnderOurValuesSection -->
  <testcase classname="com.sisense.about.PartnersTest" name="verifyTryFreePageTitleUnderHeaderSection" time="0.0">
    <ignored/>
  </testcase> <!-- verifyTryFreePageTitleUnderHeaderSection -->
  <testcase classname="com.sisense.about.AboutTest" name="verifyContactUsPageTitleUnderGetInTouchSection" time="0.0">
    <ignored/>
  </testcase> <!-- verifyContactUsPageTitleUnderGetInTouchSection -->
  <testcase classname="com.sisense.about.AboutTest" name="verifyTryFreePageTitleUnderHeaderSection" time="0.0">
    <ignored/>
  </testcase> <!-- verifyTryFreePageTitleUnderHeaderSection -->
  <testcase classname="com.sisense.about.NewsroomTest" name="verifyTryFreePageTitleUnderHeaderSection" time="0.0">
    <ignored/>
  </testcase> <!-- verifyTryFreePageTitleUnderHeaderSection -->
  <testcase classname="com.sisense.about.CompanyTest" name="verifyContactusPageTitlUnderGetInTouchSectione" time="0.0">
    <ignored/>
  </testcase> <!-- verifyContactusPageTitlUnderGetInTouchSectione -->
  <testcase classname="com.sisense.about.CompanyTest" name="verifyTryFreePageTitleUnderHeaderSection" time="0.0">
    <ignored/>
  </testcase> <!-- verifyTryFreePageTitleUnderHeaderSection -->
  <testcase classname="com.kfast.init.SeleniumInit" name="@BeforeTest fetchSuiteConfiguration" time="0.0">
    <ignored/>
  </testcase> <!-- @BeforeTest fetchSuiteConfiguration -->
  <testcase classname="com.sisense.about.CompanyTest" name="verifyExploreOpenPositionsPageTitleUnderOurValuesSection" time="0.0">
    <ignored/>
  </testcase> <!-- verifyExploreOpenPositionsPageTitleUnderOurValuesSection -->
  <testcase classname="com.kfast.init.SeleniumInit" name="@BeforeTest fetchSuiteConfiguration" time="0.0">
    <ignored/>
  </testcase> <!-- @BeforeTest fetchSuiteConfiguration -->
  <testcase classname="com.kfast.init.SeleniumInit" name="@BeforeTest fetchSuiteConfiguration" time="0.0">
    <ignored/>
  </testcase> <!-- @BeforeTest fetchSuiteConfiguration -->
  <testcase classname="com.sisense.about.NewsroomTest" name="verifyPressReleasesTryFreePageTitleUnderHeaderSection" time="0.0">
    <ignored/>
  </testcase> <!-- verifyPressReleasesTryFreePageTitleUnderHeaderSection -->
</testsuite> <!-- Sisense Testing -->
