<?xml version="1.0" encoding="UTF-8"?>
<!-- Generated by org.testng.reporters.JUnitXMLReporter -->
<testsuite ignored="12" hostname="Renil_Lakhani" failures="0" tests="34" name="Sisense Testing" time="1105.494" errors="0" timestamp="2026-03-03T10:05:45 IST">
  <testcase classname="com.sisense.about.AboutTest" name="verifyHomeBreadcrumbTitleUnderAboutPage" time="19.927"/>
  <testcase classname="com.sisense.about.AboutTest" name="verifyExploreCareersAtSisensePageTitleUnderOurCultureAndCareersSection" time="22.615"/>
  <testcase classname="com.sisense.about.AboutTest" name="verifyAboutOurInvestorsPageTitleUnderOurInvestorsSection" time="23.133"/>
  <testcase classname="com.sisense.about.AboutTest" name="verifyDemoPageTitleUnderHeaderSection" time="22.906"/>
  <testcase classname="com.sisense.about.AboutTest" name="verifyBookaliveDemoPageTitleUnderFooterSection" time="35.258"/>
  <testcase classname="com.sisense.about.CompanyTest" name="verifyCompanyPageTitleUnderAboutTab" time="23.064"/>
  <testcase classname="com.sisense.about.CompanyTest" name="verifyHomeBreadcrumbTitleUnderCompanyPage" time="22.082"/>
  <testcase classname="com.sisense.about.CompanyTest" name="verifyExplorecareersatSisensePageTitleUnderOurCultureAndCareersSection" time="30.088"/>
  <testcase classname="com.sisense.about.CompanyTest" name="verifyAboutOurInvestorsLinkPageTitleUnderOurInvestorsSection" time="21.71"/>
  <testcase classname="com.sisense.about.CompanyTest" name="verifyDemoPageTitleUnderHeaderSection" time="23.469"/>
  <testcase classname="com.sisense.about.CompanyTest" name="verifyBookaliveDemoPageTitleUnderFooterSection" time="37.716"/>
  <testcase classname="com.sisense.about.PartnersTest" name="verifyPartnersPageTitleUnderAboutTab" time="21.371"/>
  <testcase classname="com.sisense.about.PartnersTest" name="verifyHomeBreadcrumbTitleUnderPartnersPage" time="22.9"/>
  <testcase classname="com.sisense.about.PartnersTest" name="verifyFillFormBecomeaPartnerFunctionality" time="32.682"/>
  <testcase classname="com.sisense.about.PartnersTest" name="verifyViewAllPartnersPageTitleUnderBannerSection" time="22.559"/>
  <testcase classname="com.sisense.about.PartnersTest" name="verifyFillFormFunctionality" time="26.606"/>
  <testcase classname="com.sisense.about.PartnersTest" name="verifyPrivacyPolicyPageTitleUnderFormSection" time="28.432"/>
  <testcase classname="com.sisense.about.PartnersTest" name="verifyTermsOfServicePageTitleUnderFormSection" time="27.78"/>
  <testcase classname="com.sisense.about.PartnersTest" name="verifyDemoPageTitleUnderHeaderSection" time="22.527"/>
  <testcase classname="com.sisense.about.PartnersTest" name="verifyBookaliveDemoPageTitleUnderFooterSection" time="37.093"/>
  <testcase classname="com.sisense.about.NewsroomTest" name="verifyNewsroomPageTitleUnderAboutTab" time="20.686"/>
  <testcase classname="com.sisense.about.NewsroomTest" name="verifyHomeBreadcrumbTitleUnderNewsroomPage" time="22.063"/>
  <testcase classname="com.sisense.about.NewsroomTest" name="verifyFillFormFunctionality" time="26.185"/>
  <testcase classname="com.sisense.about.NewsroomTest" name="verifyPrivacyPolicyPageTitleUnderForm" time="24.244"/>
  <testcase classname="com.sisense.about.NewsroomTest" name="verifyTermsOfServicePageTitleUnderAboutTab" time="24.702"/>
  <testcase classname="com.sisense.about.NewsroomTest" name="verifyDemoPageTitleUnderHeaderSection" time="27.73"/>
  <testcase classname="com.sisense.about.NewsroomTest" name="verifyBookaliveDemoPageTitleUnderFooterSection" time="47.133"/>
  <testcase classname="com.sisense.about.NewsroomTest" name="verifyPressReleasesPageTitleUnderNewsroomPage" time="26.504"/>
  <testcase classname="com.sisense.about.NewsroomTest" name="verifyPressReleasesHomeBreadcrumbTitleUnderPressReleasesPage" time="22.609"/>
  <testcase classname="com.sisense.about.NewsroomTest" name="verifyPressReleasesFillFormFunctionality" time="27.337"/>
  <testcase classname="com.sisense.about.NewsroomTest" name="verifyPressReleasesPrivacyPolicyPageTitleUnderFormSection" time="22.396"/>
  <testcase classname="com.sisense.about.NewsroomTest" name="verifyPressReleasesTermsOfServicePageTitleUnderFormSection" time="26.176"/>
  <testcase classname="com.sisense.about.NewsroomTest" name="verifyPressReleasesDemoPageTitleUnderHeaderSection" time="23.797"/>
  <testcase classname="com.sisense.about.NewsroomTest" name="verifyPressReleasesBookaliveDemoPageTitleUnderFooterSection" time="35.974"/>
  <testcase classname="com.sisense.about.AboutTest" name="verifyTryFreePageTitleUnderHeaderSection" time="0.0">
    <ignored/>
  </testcase> <!-- verifyTryFreePageTitleUnderHeaderSection -->
  <testcase classname="com.sisense.about.NewsroomTest" name="verifyTryFreePageTitleUnderHeaderSection" time="0.0">
    <ignored/>
  </testcase> <!-- verifyTryFreePageTitleUnderHeaderSection -->
  <testcase classname="com.sisense.about.NewsroomTest" name="verifyPressReleasesTryFreePageTitleUnderHeaderSection" time="0.0">
    <ignored/>
  </testcase> <!-- verifyPressReleasesTryFreePageTitleUnderHeaderSection -->
  <testcase classname="com.kfast.init.SeleniumInit" name="@BeforeTest fetchSuiteConfiguration" time="0.0">
    <ignored/>
  </testcase> <!-- @BeforeTest fetchSuiteConfiguration -->
  <testcase classname="com.sisense.about.PartnersTest" name="verifyTryFreePageTitleUnderHeaderSection" time="0.0">
    <ignored/>
  </testcase> <!-- verifyTryFreePageTitleUnderHeaderSection -->
  <testcase classname="com.kfast.init.SeleniumInit" name="@BeforeTest fetchSuiteConfiguration" time="0.0">
    <ignored/>
  </testcase> <!-- @BeforeTest fetchSuiteConfiguration -->
  <testcase classname="com.sisense.about.AboutTest" name="verifyContactUsPageTitleUnderGetInTouchSection" time="0.0">
    <ignored/>
  </testcase> <!-- verifyContactUsPageTitleUnderGetInTouchSection -->
  <testcase classname="com.sisense.about.CompanyTest" name="verifyExploreOpenPositionsPageTitleUnderOurValuesSection" time="0.0">
    <ignored/>
  </testcase> <!-- verifyExploreOpenPositionsPageTitleUnderOurValuesSection -->
  <testcase classname="com.sisense.about.CompanyTest" name="verifyContactusPageTitlUnderGetInTouchSectione" time="0.0">
    <ignored/>
  </testcase> <!-- verifyContactusPageTitlUnderGetInTouchSectione -->
  <testcase classname="com.kfast.init.SeleniumInit" name="@BeforeTest fetchSuiteConfiguration" time="0.0">
    <ignored/>
  </testcase> <!-- @BeforeTest fetchSuiteConfiguration -->
  <testcase classname="com.sisense.about.CompanyTest" name="verifyTryFreePageTitleUnderHeaderSection" time="0.0">
    <ignored/>
  </testcase> <!-- verifyTryFreePageTitleUnderHeaderSection -->
  <testcase classname="com.sisense.about.AboutTest" name="verifyExploreOpenPositionsPageTitleUnderOurValuesSection" time="0.0">
    <ignored/>
  </testcase> <!-- verifyExploreOpenPositionsPageTitleUnderOurValuesSection -->
</testsuite> <!-- Sisense Testing -->
