<?xml version="1.0" encoding="UTF-8"?>
<!-- Generated by org.testng.reporters.JUnitXMLReporter -->
<testsuite ignored="34" hostname="Renil_Lakhani" failures="2" tests="2" name="Sisense Testing" time="67.87" errors="0" timestamp="2026-03-09T15:15:26 IST">
  <testcase classname="com.sisense.footer.SisenseFooterTest" name="verifyCloudPageTitleUnderFooter" time="17.482">
    <failure type="org.junit.ComparisonFailure" message="Cloud Page title does not match. expected:&amp;lt;[Intelligent Data Analytics Software -] Sisense&amp;gt; but was:&amp;lt;[Cloud Analytics Platform: Secure Data Solutions |] Sisense&amp;gt;">
      <![CDATA[org.junit.ComparisonFailure: Cloud Page title does not match. expected:<[Intelligent Data Analytics Software -] Sisense> but was:<[Cloud Analytics Platform: Secure Data Solutions |] Sisense>
at org.junit.Assert.assertEquals(Assert.java:125)
at com.sisense.platform.CloudPage.verifyCloudPageTitle(CloudPage.java:37)
at com.sisense.footer.SisenseFooterTest.verifyCloudPageTitleUnderFooter(SisenseFooterTest.java:15)
at java.base/java.util.ArrayList.forEach(ArrayList.java:1596)
... Removed 29 stack frames]]>
    </failure>
  </testcase> <!-- verifyCloudPageTitleUnderFooter -->
  <testcase classname="com.sisense.footer.SisenseFooterTest" name="verifyComposePageTitleUnderFooter" time="18.668">
    <failure type="org.junit.ComparisonFailure" message="Sisense Compose SDK Page Title Not Matched expected:&amp;lt;[Intelligent Data Analytics Software -] Sisense&amp;gt; but was:&amp;lt;[Sisense Compose SDK: Build Custom Analytics |] Sisense&amp;gt;">
      <![CDATA[org.junit.ComparisonFailure: Sisense Compose SDK Page Title Not Matched expected:<[Intelligent Data Analytics Software -] Sisense> but was:<[Sisense Compose SDK: Build Custom Analytics |] Sisense>
at org.junit.Assert.assertEquals(Assert.java:125)
at com.sisense.platform.ComposablePage.verifyComposeSDKPageTitle(ComposablePage.java:32)
at com.sisense.footer.SisenseFooterTest.verifyComposePageTitleUnderFooter(SisenseFooterTest.java:24)
at java.base/java.util.ArrayList.forEach(ArrayList.java:1596)
... Removed 29 stack frames]]>
    </failure>
  </testcase> <!-- verifyComposePageTitleUnderFooter -->
  <testcase classname="com.sisense.footer.SisenseFooterTest" name="verifyAwardsTitleUnderFooter" time="0.0">
    <ignored/>
  </testcase> <!-- verifyAwardsTitleUnderFooter -->
  <testcase classname="com.sisense.footer.SisenseFooterTest" name="verifyTrustAndSecurityPageTitleUnderFooterPlatformSection" time="0.0">
    <ignored/>
  </testcase> <!-- verifyTrustAndSecurityPageTitleUnderFooterPlatformSection -->
  <testcase classname="com.sisense.footer.SisenseFooterTest" name="verifyPricingPageTitleUnderFooter" time="0.0">
    <ignored/>
  </testcase> <!-- verifyPricingPageTitleUnderFooter -->
  <testcase classname="com.sisense.footer.SisenseFooterTest" name="verifyCustomerStoriesTitleUnderFooter" time="0.0">
    <ignored/>
  </testcase> <!-- verifyCustomerStoriesTitleUnderFooter -->
  <testcase classname="com.sisense.footer.SisenseFooterTest" name="verifySisenseAcademyPageTitleUnderFooter" time="0.0">
    <ignored/>
  </testcase> <!-- verifySisenseAcademyPageTitleUnderFooter -->
  <testcase classname="com.sisense.footer.SisenseFooterTest" name="verifysocialMediaLegalPageTitleUnderSocialMedia" time="0.0">
    <ignored/>
  </testcase> <!-- verifysocialMediaLegalPageTitleUnderSocialMedia -->
  <testcase classname="com.sisense.footer.SisenseFooterTest" name="verifySupportPortalPageTitleUnderFooter" time="0.0">
    <ignored/>
  </testcase> <!-- verifySupportPortalPageTitleUnderFooter -->
  <testcase classname="com.sisense.footer.SisenseFooterTest" name="verifyCommunityPageTitleUnderFooter" time="0.0">
    <ignored/>
  </testcase> <!-- verifyCommunityPageTitleUnderFooter -->
  <testcase classname="com.sisense.footer.SisenseFooterTest" name="verifySuccessfullyTextAfterClickSubmitPreferencesButton" time="0.0">
    <ignored/>
  </testcase> <!-- verifySuccessfullyTextAfterClickSubmitPreferencesButton -->
  <testcase classname="com.sisense.footer.SisenseFooterTest" name="verifyDocumentationPageTitleUnderFooter" time="0.0">
    <ignored/>
  </testcase> <!-- verifyDocumentationPageTitleUnderFooter -->
  <testcase classname="com.sisense.footer.SisenseFooterTest" name="verifyTwitterPageTitleUnderFooter" time="0.0">
    <ignored/>
  </testcase> <!-- verifyTwitterPageTitleUnderFooter -->
  <testcase classname="com.sisense.footer.SisenseFooterTest" name="verifyLegalPageTitleUnderFooter" time="0.0">
    <ignored/>
  </testcase> <!-- verifyLegalPageTitleUnderFooter -->
  <testcase classname="com.sisense.footer.SisenseFooterTest" name="verifyBrandPortalPageTitleUnderFooter" time="0.0">
    <ignored/>
  </testcase> <!-- verifyBrandPortalPageTitleUnderFooter -->
  <testcase classname="com.sisense.footer.SisenseFooterTest" name="verifyTrustAndSecurityPageTitleUnderFooter" time="0.0">
    <ignored/>
  </testcase> <!-- verifyTrustAndSecurityPageTitleUnderFooter -->
  <testcase classname="com.sisense.footer.SisenseFooterTest" name="verifyAboutTitleUnderFooter" time="0.0">
    <ignored/>
  </testcase> <!-- verifyAboutTitleUnderFooter -->
  <testcase classname="com.sisense.footer.SisenseFooterTest" name="verifySuccessfullyTextAfterClickDeclineAllButton" time="0.0">
    <ignored/>
  </testcase> <!-- verifySuccessfullyTextAfterClickDeclineAllButton -->
  <testcase classname="com.sisense.footer.SisenseFooterTest" name="verifyPartnerResourcesPageTitleUnderFooter" time="0.0">
    <ignored/>
  </testcase> <!-- verifyPartnerResourcesPageTitleUnderFooter -->
  <testcase classname="com.sisense.footer.SisenseFooterTest" name="verifyDataModelingPageTitleUnderFooter" time="0.0">
    <ignored/>
  </testcase> <!-- verifyDataModelingPageTitleUnderFooter -->
  <testcase classname="com.sisense.footer.SisenseFooterTest" name="verifyPrivacyPolicyPageTitleUnderFooter" time="0.0">
    <ignored/>
  </testcase> <!-- verifyPrivacyPolicyPageTitleUnderFooter -->
  <testcase classname="com.sisense.footer.SisenseFooterTest" name="verifyCookiePreferencesPopUpUnderFooter" time="0.0">
    <ignored/>
  </testcase> <!-- verifyCookiePreferencesPopUpUnderFooter -->
  <testcase classname="com.sisense.footer.SisenseFooterTest" name="verifySisenseIntelligencePageTitleUnderFooter" time="0.0">
    <ignored/>
  </testcase> <!-- verifySisenseIntelligencePageTitleUnderFooter -->
  <testcase classname="com.sisense.footer.SisenseFooterTest" name="verifyEmbeddablePageTitleUnderFooter" time="0.0">
    <ignored/>
  </testcase> <!-- verifyEmbeddablePageTitleUnderFooter -->
  <testcase classname="com.sisense.footer.SisenseFooterTest" name="verifyDeveloperPortalPageTitleUnderFooter" time="0.0">
    <ignored/>
  </testcase> <!-- verifyDeveloperPortalPageTitleUnderFooter -->
  <testcase classname="com.sisense.footer.SisenseFooterTest" name="verifyCareersPageTitleUnderFooter" time="0.0">
    <ignored/>
  </testcase> <!-- verifyCareersPageTitleUnderFooter -->
  <testcase classname="com.sisense.footer.SisenseFooterTest" name="verifyNewsroomPageTitleUnderFooter" time="0.0">
    <ignored/>
  </testcase> <!-- verifyNewsroomPageTitleUnderFooter -->
  <testcase classname="com.sisense.footer.SisenseFooterTest" name="verifyBlogPageTitleUnderFooter" time="0.0">
    <ignored/>
  </testcase> <!-- verifyBlogPageTitleUnderFooter -->
  <testcase classname="com.sisense.footer.SisenseFooterTest" name="verifyPrivacyPolicyPageTitleUnderSocialMedia" time="0.0">
    <ignored/>
  </testcase> <!-- verifyPrivacyPolicyPageTitleUnderSocialMedia -->
  <testcase classname="com.sisense.footer.SisenseFooterTest" name="verifyMarketPlacePageTitleUnderFooter" time="0.0">
    <ignored/>
  </testcase> <!-- verifyMarketPlacePageTitleUnderFooter -->
  <testcase classname="com.sisense.footer.SisenseFooterTest" name="verifySuccessfullyTextAfterClickAcceptAllButton" time="0.0">
    <ignored/>
  </testcase> <!-- verifySuccessfullyTextAfterClickAcceptAllButton -->
  <testcase classname="com.sisense.footer.SisenseFooterTest" name="verifyGithubPageTitleUnderFooter" time="0.0">
    <ignored/>
  </testcase> <!-- verifyGithubPageTitleUnderFooter -->
  <testcase classname="com.sisense.footer.SisenseFooterTest" name="verifyContactUsPageTitleUnderFooter" time="0.0">
    <ignored/>
  </testcase> <!-- verifyContactUsPageTitleUnderFooter -->
  <testcase classname="com.sisense.footer.SisenseFooterTest" name="verifyConnectivityPageTitleUnderFooter" time="0.0">
    <ignored/>
  </testcase> <!-- verifyConnectivityPageTitleUnderFooter -->
  <testcase classname="com.sisense.footer.SisenseFooterTest" name="verifyLinkedinPageTitleUnderFooter" time="0.0">
    <ignored/>
  </testcase> <!-- verifyLinkedinPageTitleUnderFooter -->
  <testcase classname="com.sisense.footer.SisenseFooterTest" name="verifyBookaliveDemoPageTitleUnderFooter" time="0.0">
    <ignored/>
  </testcase> <!-- verifyBookaliveDemoPageTitleUnderFooter -->
</testsuite> <!-- Sisense Testing -->
