<?xml version="1.0" encoding="UTF-8"?>
<testng-results ignored="0" total="1" passed="1" failed="0" skipped="0">
  <reporter-output>
    <line>
      <![CDATA[Open Browser</br>]]>
    </line>
    <line>
      <![CDATA[Click on Accept Cookie button.</br>]]>
    </line>
    <line>
      <![CDATA[Scroll to Footer section.</br>]]>
    </line>
    <line>
      <![CDATA[Click on Support Portal link under Footer successfully.</br>]]>
    </line>
    <line>
      <![CDATA[Sisense Footer Support Portal Page Title matched successfully.</br>]]>
    </line>
    <line>
      <![CDATA[<Strong><b>Sisense Testing is passed.</b></font></strong></br>]]>
    </line>
  </reporter-output>
  <suite started-at="2026-03-13T14:25:31 IST" name="Current Pages" finished-at="2026-03-13T14:26:00 IST" duration-ms="29170">
    <groups>
    </groups>
    <test started-at="2026-03-13T14:25:31 IST" name="Sisense Testing" finished-at="2026-03-13T14:26:00 IST" duration-ms="29170">
      <class name="com.sisense.footer.SisenseFooterTest">
        <test-method is-config="true" signature="fetchSuiteConfiguration()[pri:0, instance:com.sisense.footer.SisenseFooterTest@53941c2f]" started-at="2026-03-13T14:25:31 IST" name="fetchSuiteConfiguration" finished-at="2026-03-13T14:25:31 IST" duration-ms="10" status="PASS">
          <reporter-output>
          </reporter-output>
        </test-method> <!-- fetchSuiteConfiguration -->
        <test-method is-config="true" signature="setUp(org.testng.ITestContext)[pri:0, instance:com.sisense.footer.SisenseFooterTest@53941c2f]" started-at="2026-03-13T14:25:31 IST" name="setUp" finished-at="2026-03-13T14:25:37 IST" duration-ms="5753" status="PASS">
          <params>
            <param index="0">
              <value>
                <![CDATA[org.testng.TestRunner@6cd3ad8a]]>
              </value>
            </param>
          </params>
          <reporter-output>
          </reporter-output>
        </test-method> <!-- setUp -->
        <test-method signature="verifySupportPortalPageTitleUnderFooter()[pri:0, instance:com.sisense.footer.SisenseFooterTest@53941c2f]" started-at="2026-03-13T14:25:37 IST" name="verifySupportPortalPageTitleUnderFooter" finished-at="2026-03-13T14:26:00 IST" duration-ms="23195" status="PASS">
          <reporter-output>
            <line>
              <![CDATA[Open Browser</br>]]>
            </line>
            <line>
              <![CDATA[Click on Accept Cookie button.</br>]]>
            </line>
            <line>
              <![CDATA[Scroll to Footer section.</br>]]>
            </line>
            <line>
              <![CDATA[Click on Support Portal link under Footer successfully.</br>]]>
            </line>
            <line>
              <![CDATA[Sisense Footer Support Portal Page Title matched successfully.</br>]]>
            </line>
            <line>
              <![CDATA[<Strong><b>Sisense Testing is passed.</b></font></strong></br>]]>
            </line>
          </reporter-output>
        </test-method> <!-- verifySupportPortalPageTitleUnderFooter -->
        <test-method is-config="true" signature="tearDown(org.testng.ITestResult,org.testng.ITestContext)[pri:0, instance:com.sisense.footer.SisenseFooterTest@53941c2f]" started-at="2026-03-13T14:26:00 IST" name="tearDown" finished-at="2026-03-13T14:26:00 IST" duration-ms="184" status="PASS">
          <params>
            <param index="0">
              <value>
                <![CDATA[[TestResult name=verifySupportPortalPageTitleUnderFooter status=SUCCESS method=SisenseFooterTest.verifySupportPortalPageTitleUnderFooter()[pri:0, instance:com.sisense.footer.SisenseFooterTest@53941c2f] output=Open Browser</br>]]]>
              </value>
            </param>
            <param index="1">
              <value>
                <![CDATA[org.testng.TestRunner@6cd3ad8a]]>
              </value>
            </param>
          </params>
          <reporter-output>
          </reporter-output>
        </test-method> <!-- tearDown -->
      </class> <!-- com.sisense.footer.SisenseFooterTest -->
    </test> <!-- Sisense Testing -->
  </suite> <!-- Current Pages -->
</testng-results>
