<?xml version="1.0" encoding="UTF-8"?>
<!-- Generated by org.testng.reporters.JUnitXMLReporter -->
<testsuite ignored="35" hostname="Janki_Patel" failures="0" tests="1" name="Sisense Testing" time="29.17" errors="0" timestamp="2026-03-13T14:26:00 IST">
  <testcase classname="com.sisense.footer.SisenseFooterTest" name="verifySupportPortalPageTitleUnderFooter" time="23.195"/>
  <testcase classname="com.sisense.footer.SisenseFooterTest" name="verifyAboutTitleUnderFooter" time="0.0">
    <ignored/>
  </testcase> <!-- verifyAboutTitleUnderFooter -->
  <testcase classname="com.sisense.footer.SisenseFooterTest" name="verifyCloudPageTitleUnderFooter" time="0.0">
    <ignored/>
  </testcase> <!-- verifyCloudPageTitleUnderFooter -->
  <testcase classname="com.sisense.footer.SisenseFooterTest" name="verifyPartnerResourcesPageTitleUnderFooter" time="0.0">
    <ignored/>
  </testcase> <!-- verifyPartnerResourcesPageTitleUnderFooter -->
  <testcase classname="com.sisense.footer.SisenseFooterTest" name="verifyCareersPageTitleUnderFooter" time="0.0">
    <ignored/>
  </testcase> <!-- verifyCareersPageTitleUnderFooter -->
  <testcase classname="com.sisense.footer.SisenseFooterTest" name="verifySuccessfullyTextAfterClickDeclineAllButton" time="0.0">
    <ignored/>
  </testcase> <!-- verifySuccessfullyTextAfterClickDeclineAllButton -->
  <testcase classname="com.sisense.footer.SisenseFooterTest" name="verifyBlogPageTitleUnderFooter" time="0.0">
    <ignored/>
  </testcase> <!-- verifyBlogPageTitleUnderFooter -->
  <testcase classname="com.sisense.footer.SisenseFooterTest" name="verifyBookaliveDemoPageTitleUnderFooter" time="0.0">
    <ignored/>
  </testcase> <!-- verifyBookaliveDemoPageTitleUnderFooter -->
  <testcase classname="com.sisense.footer.SisenseFooterTest" name="verifyTrustAndSecurityPageTitleUnderFooter" time="0.0">
    <ignored/>
  </testcase> <!-- verifyTrustAndSecurityPageTitleUnderFooter -->
  <testcase classname="com.sisense.footer.SisenseFooterTest" name="verifyDeveloperPortalPageTitleUnderFooter" time="0.0">
    <ignored/>
  </testcase> <!-- verifyDeveloperPortalPageTitleUnderFooter -->
  <testcase classname="com.sisense.footer.SisenseFooterTest" name="verifyConnectivityPageTitleUnderFooter" time="0.0">
    <ignored/>
  </testcase> <!-- verifyConnectivityPageTitleUnderFooter -->
  <testcase classname="com.sisense.footer.SisenseFooterTest" name="verifySuccessfullyTextAfterClickAcceptAllButton" time="0.0">
    <ignored/>
  </testcase> <!-- verifySuccessfullyTextAfterClickAcceptAllButton -->
  <testcase classname="com.sisense.footer.SisenseFooterTest" name="verifyTwitterPageTitleUnderFooter" time="0.0">
    <ignored/>
  </testcase> <!-- verifyTwitterPageTitleUnderFooter -->
  <testcase classname="com.sisense.footer.SisenseFooterTest" name="verifyLegalPageTitleUnderFooter" time="0.0">
    <ignored/>
  </testcase> <!-- verifyLegalPageTitleUnderFooter -->
  <testcase classname="com.sisense.footer.SisenseFooterTest" name="verifyCookiePreferencesPopUpUnderFooter" time="0.0">
    <ignored/>
  </testcase> <!-- verifyCookiePreferencesPopUpUnderFooter -->
  <testcase classname="com.sisense.footer.SisenseFooterTest" name="verifyEmbeddablePageTitleUnderFooter" time="0.0">
    <ignored/>
  </testcase> <!-- verifyEmbeddablePageTitleUnderFooter -->
  <testcase classname="com.sisense.footer.SisenseFooterTest" name="verifyCommunityPageTitleUnderFooter" time="0.0">
    <ignored/>
  </testcase> <!-- verifyCommunityPageTitleUnderFooter -->
  <testcase classname="com.sisense.footer.SisenseFooterTest" name="verifyBrandPortalPageTitleUnderFooter" time="0.0">
    <ignored/>
  </testcase> <!-- verifyBrandPortalPageTitleUnderFooter -->
  <testcase classname="com.sisense.footer.SisenseFooterTest" name="verifySisenseIntelligencePageTitleUnderFooter" time="0.0">
    <ignored/>
  </testcase> <!-- verifySisenseIntelligencePageTitleUnderFooter -->
  <testcase classname="com.sisense.footer.SisenseFooterTest" name="verifySuccessfullyTextAfterClickSubmitPreferencesButton" time="0.0">
    <ignored/>
  </testcase> <!-- verifySuccessfullyTextAfterClickSubmitPreferencesButton -->
  <testcase classname="com.sisense.footer.SisenseFooterTest" name="verifyPrivacyPolicyPageTitleUnderFooter" time="0.0">
    <ignored/>
  </testcase> <!-- verifyPrivacyPolicyPageTitleUnderFooter -->
  <testcase classname="com.sisense.footer.SisenseFooterTest" name="verifyAwardsTitleUnderFooter" time="0.0">
    <ignored/>
  </testcase> <!-- verifyAwardsTitleUnderFooter -->
  <testcase classname="com.sisense.footer.SisenseFooterTest" name="verifyPricingPageTitleUnderFooter" time="0.0">
    <ignored/>
  </testcase> <!-- verifyPricingPageTitleUnderFooter -->
  <testcase classname="com.sisense.footer.SisenseFooterTest" name="verifysocialMediaLegalPageTitleUnderSocialMedia" time="0.0">
    <ignored/>
  </testcase> <!-- verifysocialMediaLegalPageTitleUnderSocialMedia -->
  <testcase classname="com.sisense.footer.SisenseFooterTest" name="verifyTrustAndSecurityPageTitleUnderFooterPlatformSection" time="0.0">
    <ignored/>
  </testcase> <!-- verifyTrustAndSecurityPageTitleUnderFooterPlatformSection -->
  <testcase classname="com.sisense.footer.SisenseFooterTest" name="verifyLinkedinPageTitleUnderFooter" time="0.0">
    <ignored/>
  </testcase> <!-- verifyLinkedinPageTitleUnderFooter -->
  <testcase classname="com.sisense.footer.SisenseFooterTest" name="verifyComposePageTitleUnderFooter" time="0.0">
    <ignored/>
  </testcase> <!-- verifyComposePageTitleUnderFooter -->
  <testcase classname="com.sisense.footer.SisenseFooterTest" name="verifyDocumentationPageTitleUnderFooter" time="0.0">
    <ignored/>
  </testcase> <!-- verifyDocumentationPageTitleUnderFooter -->
  <testcase classname="com.sisense.footer.SisenseFooterTest" name="verifyMarketPlacePageTitleUnderFooter" time="0.0">
    <ignored/>
  </testcase> <!-- verifyMarketPlacePageTitleUnderFooter -->
  <testcase classname="com.sisense.footer.SisenseFooterTest" name="verifyGithubPageTitleUnderFooter" time="0.0">
    <ignored/>
  </testcase> <!-- verifyGithubPageTitleUnderFooter -->
  <testcase classname="com.sisense.footer.SisenseFooterTest" name="verifyContactUsPageTitleUnderFooter" time="0.0">
    <ignored/>
  </testcase> <!-- verifyContactUsPageTitleUnderFooter -->
  <testcase classname="com.sisense.footer.SisenseFooterTest" name="verifyNewsroomPageTitleUnderFooter" time="0.0">
    <ignored/>
  </testcase> <!-- verifyNewsroomPageTitleUnderFooter -->
  <testcase classname="com.sisense.footer.SisenseFooterTest" name="verifyPrivacyPolicyPageTitleUnderSocialMedia" time="0.0">
    <ignored/>
  </testcase> <!-- verifyPrivacyPolicyPageTitleUnderSocialMedia -->
  <testcase classname="com.sisense.footer.SisenseFooterTest" name="verifyDataModelingPageTitleUnderFooter" time="0.0">
    <ignored/>
  </testcase> <!-- verifyDataModelingPageTitleUnderFooter -->
  <testcase classname="com.sisense.footer.SisenseFooterTest" name="verifyCustomerStoriesTitleUnderFooter" time="0.0">
    <ignored/>
  </testcase> <!-- verifyCustomerStoriesTitleUnderFooter -->
  <testcase classname="com.sisense.footer.SisenseFooterTest" name="verifySisenseAcademyPageTitleUnderFooter" time="0.0">
    <ignored/>
  </testcase> <!-- verifySisenseAcademyPageTitleUnderFooter -->
</testsuite> <!-- Sisense Testing -->
